[27736.514 (CEST,GMT+2) 2012-07-21 21:51:57.330 'Europe/Helsinki'] [timed,13059] NOTICE: time daemon started; debug_flags: timed=0, qmlog=0; syslog-level: 7 /var/log-level: 7 isatty(2)=0
[27736.515 (CEST,GMT+2) 2012-07-21 21:51:57.331 'Europe/Helsinki'] [timed,13059] NOTICE: image_type=''
[27736.516 (CEST,GMT+2) 2012-07-21 21:51:57.332 'Europe/Helsinki'] [timed,13059] DEBUG: at timed.cpp:93 in Timed::Timed(int, char**)
[27736.516 (CEST,GMT+2) 2012-07-21 21:51:57.332 'Europe/Helsinki'] [timed(sb),13059] INFO at timed.cpp:200 in void Timed::init_scratchbox_mode():
[27736.516 (CEST,GMT+2) 2012-07-21 21:51:57.332 'Europe/Helsinki'] [timed(sb),13059] -- SCRATCHBOX detected
[27736.516 (CEST,GMT+2) 2012-07-21 21:51:57.332 'Europe/Helsinki'] [timed(sb),13059] DEBUG: at timed.cpp:96 in Timed::Timed(int, char**)
[27736.516 (CEST,GMT+2) 2012-07-21 21:51:57.332 'Europe/Helsinki'] [timed(sb),13059] DEBUG: at timed.cpp:99 in Timed::Timed(int, char**)
[27736.516 (CEST,GMT+2) 2012-07-21 21:51:57.332 'Europe/Helsinki'] [timed(sb),13059] DEBUG: at timed.cpp:102 in Timed::Timed(int, char**)
[27736.516 (CEST,GMT+2) 2012-07-21 21:51:57.332 'Europe/Helsinki'] [timed(sb),13059] DEBUG: at timed.cpp:106 in Timed::Timed(int, char**)
[27736.516 (CEST,GMT+2) 2012-07-21 21:51:57.332 'Europe/Helsinki'] [timed(sb),13059] DEBUG: at storage.cpp:118 in iodata::record* iodata::storage::load()
[27736.520 (CEST,GMT+2) 2012-07-21 21:51:57.336 'Europe/Helsinki'] [timed(sb),13059] DEBUG: at storage.cpp:120 in iodata::record* iodata::storage::load()
[27736.520 (CEST,GMT+2) 2012-07-21 21:51:57.336 'Europe/Helsinki'] [timed(sb),13059] INFO at storage.cpp:133 in iodata::record* iodata::storage::load():
[27736.520 (CEST,GMT+2) 2012-07-21 21:51:57.336 'Europe/Helsinki'] [timed(sb),13059] -- read data from '/etc/timed.rc'
[27736.520 (CEST,GMT+2) 2012-07-21 21:51:57.336 'Europe/Helsinki'] [timed(sb),13059] INFO at timed.cpp:364 in void Timed::init_configuration():
[27736.520 (CEST,GMT+2) 2012-07-21 21:51:57.336 'Europe/Helsinki'] [timed(sb),13059] -- configuration loaded from '/etc/timed.rc'
[27736.521 (CEST,GMT+2) 2012-07-21 21:51:57.336 'Europe/Helsinki'] [timed(sb),13059] DEBUG at timed.cpp:375 in void Timed::init_configuration():
[27736.521 (CEST,GMT+2) 2012-07-21 21:51:57.336 'Europe/Helsinki'] [timed(sb),13059] -- deleting iodata::record *c
[27736.521 (CEST,GMT+2) 2012-07-21 21:51:57.337 'Europe/Helsinki'] [timed(sb),13059] DEBUG at timed.cpp:377 in void Timed::init_configuration():
[27736.521 (CEST,GMT+2) 2012-07-21 21:51:57.337 'Europe/Helsinki'] [timed(sb),13059] -- deleting config_storage
[27736.521 (CEST,GMT+2) 2012-07-21 21:51:57.337 'Europe/Helsinki'] [timed(sb),13059] DEBUG at timed.cpp:379 in void Timed::init_configuration():
[27736.521 (CEST,GMT+2) 2012-07-21 21:51:57.337 'Europe/Helsinki'] [timed(sb),13059] -- done
[27736.521 (CEST,GMT+2) 2012-07-21 21:51:57.337 'Europe/Helsinki'] [timed(sb),13059] DEBUG: at timed.cpp:109 in Timed::Timed(int, char**)
[27736.521 (CEST,GMT+2) 2012-07-21 21:51:57.337 'Europe/Helsinki'] [timed(sb),13059] WARNING: can't read '/usr/share/timed/customization.data': No such file or directory
[27736.521 (CEST,GMT+2) 2012-07-21 21:51:57.337 'Europe/Helsinki'] [timed(sb),13059] INFO at storage.cpp:161 in iodata::record* iodata::storage::load():
[27736.521 (CEST,GMT+2) 2012-07-21 21:51:57.337 'Europe/Helsinki'] [timed(sb),13059] -- using default values for data in '/usr/share/timed/customization.data'
[27736.521 (CEST,GMT+2) 2012-07-21 21:51:57.337 'Europe/Helsinki'] [timed(sb),13059] WARNING: customization file '/usr/share/timed/customization.data' corrupted or non-existing, using default values
[27736.521 (CEST,GMT+2) 2012-07-21 21:51:57.337 'Europe/Helsinki'] [timed(sb),13059] DEBUG: at timed.cpp:112 in Timed::Timed(int, char**)
[27736.521 (CEST,GMT+2) 2012-07-21 21:51:57.337 'Europe/Helsinki'] [timed(sb),13059] WARNING: can't read '/var/cache/timed/settings.data': No such file or directory
[27736.521 (CEST,GMT+2) 2012-07-21 21:51:57.337 'Europe/Helsinki'] [timed(sb),13059] WARNING: can't read '/var/cache/timed/settings.data.bak': No such file or directory
[27736.521 (CEST,GMT+2) 2012-07-21 21:51:57.337 'Europe/Helsinki'] [timed(sb),13059] INFO at storage.cpp:161 in iodata::record* iodata::storage::load():
[27736.521 (CEST,GMT+2) 2012-07-21 21:51:57.337 'Europe/Helsinki'] [timed(sb),13059] -- using default values for data in '/var/cache/timed/settings.data'
[27736.521 (CEST,GMT+2) 2012-07-21 21:51:57.337 'Europe/Helsinki'] [timed(sb),13059] DEBUG: at settings.cpp:94 in source_settings::source_settings(Timed*)
[27736.521 (CEST,GMT+2) 2012-07-21 21:51:57.337 'Europe/Helsinki'] [timed(sb),13059] DEBUG: at settings.cpp:138 in void source_settings::load(const iodata::record*, const std::string&)
[27736.521 (CEST,GMT+2) 2012-07-21 21:51:57.337 'Europe/Helsinki'] [timed(sb),13059] DEBUG at settings.cpp:139 in void source_settings::load(const iodata::record*, const std::string&):
[27736.521 (CEST,GMT+2) 2012-07-21 21:51:57.337 'Europe/Helsinki'] [timed(sb),13059] -- CUST time_nitz: 1
[27736.521 (CEST,GMT+2) 2012-07-21 21:51:57.337 'Europe/Helsinki'] [timed(sb),13059] DEBUG at settings.cpp:140 in void source_settings::load(const iodata::record*, const std::string&):
[27736.521 (CEST,GMT+2) 2012-07-21 21:51:57.337 'Europe/Helsinki'] [timed(sb),13059] -- CUST format_24: 1
[27736.521 (CEST,GMT+2) 2012-07-21 21:51:57.337 'Europe/Helsinki'] [timed(sb),13059] DEBUG at settings.cpp:147 in void source_settings::load(const iodata::record*, const std::string&):
[27736.521 (CEST,GMT+2) 2012-07-21 21:51:57.337 'Europe/Helsinki'] [timed(sb),13059] -- alarms_are_enabled := alarms == 1
[27736.521 (CEST,GMT+2) 2012-07-21 21:51:57.337 'Europe/Helsinki'] [timed(sb),13059] DEBUG at settings.cpp:150 in void source_settings::load(const iodata::record*, const std::string&):
[27736.521 (CEST,GMT+2) 2012-07-21 21:51:57.337 'Europe/Helsinki'] [timed(sb),13059] -- it: 'cellular_zone'
[27736.522 (CEST,GMT+2) 2012-07-21 21:51:57.337 'Europe/Helsinki'] [timed(sb),13059] DEBUG: at settings.cpp:157 in void source_settings::load(const iodata::record*, const std::string&)
[27736.522 (CEST,GMT+2) 2012-07-21 21:51:57.337 'Europe/Helsinki'] [timed(sb),13059] DEBUG at settings.cpp:150 in void source_settings::load(const iodata::record*, const std::string&):
[27736.522 (CEST,GMT+2) 2012-07-21 21:51:57.337 'Europe/Helsinki'] [timed(sb),13059] -- it: 'gps_utc'
[27736.522 (CEST,GMT+2) 2012-07-21 21:51:57.338 'Europe/Helsinki'] [timed(sb),13059] DEBUG: at settings.cpp:157 in void source_settings::load(const iodata::record*, const std::string&)
[27736.522 (CEST,GMT+2) 2012-07-21 21:51:57.338 'Europe/Helsinki'] [timed(sb),13059] DEBUG at settings.cpp:150 in void source_settings::load(const iodata::record*, const std::string&):
[27736.522 (CEST,GMT+2) 2012-07-21 21:51:57.338 'Europe/Helsinki'] [timed(sb),13059] -- it: 'manual_offset'
[27736.522 (CEST,GMT+2) 2012-07-21 21:51:57.338 'Europe/Helsinki'] [timed(sb),13059] DEBUG: at settings.cpp:157 in void source_settings::load(const iodata::record*, const std::string&)
[27736.522 (CEST,GMT+2) 2012-07-21 21:51:57.338 'Europe/Helsinki'] [timed(sb),13059] DEBUG at settings.cpp:150 in void source_settings::load(const iodata::record*, const std::string&):
[27736.522 (CEST,GMT+2) 2012-07-21 21:51:57.338 'Europe/Helsinki'] [timed(sb),13059] -- it: 'manual_utc'
[27736.522 (CEST,GMT+2) 2012-07-21 21:51:57.338 'Europe/Helsinki'] [timed(sb),13059] DEBUG: at settings.cpp:157 in void source_settings::load(const iodata::record*, const std::string&)
[27736.522 (CEST,GMT+2) 2012-07-21 21:51:57.338 'Europe/Helsinki'] [timed(sb),13059] DEBUG at settings.cpp:150 in void source_settings::load(const iodata::record*, const std::string&):
[27736.522 (CEST,GMT+2) 2012-07-21 21:51:57.338 'Europe/Helsinki'] [timed(sb),13059] -- it: 'manual_zone'
[27736.522 (CEST,GMT+2) 2012-07-21 21:51:57.338 'Europe/Helsinki'] [timed(sb),13059] DEBUG: at settings.cpp:157 in void source_settings::load(const iodata::record*, const std::string&)
[27736.522 (CEST,GMT+2) 2012-07-21 21:51:57.338 'Europe/Helsinki'] [timed(sb),13059] DEBUG at settings.cpp:150 in void source_settings::load(const iodata::record*, const std::string&):
[27736.522 (CEST,GMT+2) 2012-07-21 21:51:57.338 'Europe/Helsinki'] [timed(sb),13059] -- it: 'nitz_offset'
[27736.522 (CEST,GMT+2) 2012-07-21 21:51:57.338 'Europe/Helsinki'] [timed(sb),13059] DEBUG: at settings.cpp:157 in void source_settings::load(const iodata::record*, const std::string&)
[27736.522 (CEST,GMT+2) 2012-07-21 21:51:57.338 'Europe/Helsinki'] [timed(sb),13059] DEBUG at settings.cpp:150 in void source_settings::load(const iodata::record*, const std::string&):
[27736.522 (CEST,GMT+2) 2012-07-21 21:51:57.338 'Europe/Helsinki'] [timed(sb),13059] -- it: 'nitz_utc'
[27736.522 (CEST,GMT+2) 2012-07-21 21:51:57.338 'Europe/Helsinki'] [timed(sb),13059] DEBUG: at settings.cpp:157 in void source_settings::load(const iodata::record*, const std::string&)
[27736.522 (CEST,GMT+2) 2012-07-21 21:51:57.338 'Europe/Helsinki'] [timed(sb),13059] DEBUG at settings.cpp:150 in void source_settings::load(const iodata::record*, const std::string&):
[27736.522 (CEST,GMT+2) 2012-07-21 21:51:57.338 'Europe/Helsinki'] [timed(sb),13059] -- it: 'ntp_utc'
[27736.522 (CEST,GMT+2) 2012-07-21 21:51:57.338 'Europe/Helsinki'] [timed(sb),13059] DEBUG: at settings.cpp:157 in void source_settings::load(const iodata::record*, const std::string&)
[27736.522 (CEST,GMT+2) 2012-07-21 21:51:57.338 'Europe/Helsinki'] [timed(sb),13059] DEBUG: at timed.cpp:115 in Timed::Timed(int, char**)
[27736.522 (CEST,GMT+2) 2012-07-21 21:51:57.338 'Europe/Helsinki'] [timed(sb),13059] DEBUG: at machine.cpp:41 in machine_t::machine_t(const Timed*)
[27736.522 (CEST,GMT+2) 2012-07-21 21:51:57.338 'Europe/Helsinki'] [timed(sb),13059] DEBUG: at machine.cpp:89 in machine_t::machine_t(const Timed*)
[27736.522 (CEST,GMT+2) 2012-07-21 21:51:57.338 'Europe/Helsinki'] [timed(sb),13059] DEBUG: at machine.cpp:93 in machine_t::machine_t(const Timed*)
[27736.522 (CEST,GMT+2) 2012-07-21 21:51:57.338 'Europe/Helsinki'] [timed(sb),13059] DEBUG: at machine.cpp:97 in machine_t::machine_t(const Timed*)
[27736.522 (CEST,GMT+2) 2012-07-21 21:51:57.338 'Europe/Helsinki'] [timed(sb),13059] DEBUG: at machine.cpp:104 in machine_t::machine_t(const Timed*)
[27736.523 (CEST,GMT+2) 2012-07-21 21:51:57.338 'Europe/Helsinki'] [timed(sb),13059] DEBUG: at state.cpp:159 in virtual void abstract_gate_state_t::open()
[27736.523 (CEST,GMT+2) 2012-07-21 21:51:57.338 'Europe/Helsinki'] [timed(sb),13059] DEBUG: at state.cpp:161 in virtual void abstract_gate_state_t::open()
[27736.523 (CEST,GMT+2) 2012-07-21 21:51:57.339 'Europe/Helsinki'] [timed(sb),13059] DEBUG at state.cpp:164 in virtual void abstract_gate_state_t::open():
[27736.523 (CEST,GMT+2) 2012-07-21 21:51:57.339 'Europe/Helsinki'] [timed(sb),13059] -- events.empty()=1
[27736.523 (CEST,GMT+2) 2012-07-21 21:51:57.339 'Europe/Helsinki'] [timed(sb),13059] DEBUG: at state.cpp:167 in virtual void abstract_gate_state_t::open()
[27736.523 (CEST,GMT+2) 2012-07-21 21:51:57.339 'Europe/Helsinki'] [timed(sb),13059] DEBUG: at machine.cpp:166 in machine_t::machine_t(const Timed*)
[27736.523 (CEST,GMT+2) 2012-07-21 21:51:57.339 'Europe/Helsinki'] [timed(sb),13059] DEBUG: at machine.cpp:168 in machine_t::machine_t(const Timed*)
[27736.523 (CEST,GMT+2) 2012-07-21 21:51:57.339 'Europe/Helsinki'] [timed(sb),13059] DEBUG at state.cpp:328 in void state_queued_t::engine_pause(int):
[27736.523 (CEST,GMT+2) 2012-07-21 21:51:57.339 'Europe/Helsinki'] [timed(sb),13059] -- dx=1, current pause value: '0', new value will be 1
[27736.523 (CEST,GMT+2) 2012-07-21 21:51:57.339 'Europe/Helsinki'] [timed(sb),13059] DEBUG: at machine.cpp:170 in machine_t::machine_t(const Timed*)
[27736.523 (CEST,GMT+2) 2012-07-21 21:51:57.339 'Europe/Helsinki'] [timed(sb),13059] DEBUG: at machine.cpp:173 in machine_t::machine_t(const Timed*)
[27736.523 (CEST,GMT+2) 2012-07-21 21:51:57.339 'Europe/Helsinki'] [timed(sb),13059] DEBUG: at machine.cpp:175 in machine_t::machine_t(const Timed*)
[27736.523 (CEST,GMT+2) 2012-07-21 21:51:57.339 'Europe/Helsinki'] [timed(sb),13059] DEBUG: at machine.cpp:178 in machine_t::machine_t(const Timed*)
[27736.523 (CEST,GMT+2) 2012-07-21 21:51:57.339 'Europe/Helsinki'] [timed(sb),13059] DEBUG: at machine.cpp:180 in machine_t::machine_t(const Timed*)
[27736.523 (CEST,GMT+2) 2012-07-21 21:51:57.339 'Europe/Helsinki'] [timed(sb),13059] DEBUG: at machine.cpp:182 in machine_t::machine_t(const Timed*)
[27736.523 (CEST,GMT+2) 2012-07-21 21:51:57.339 'Europe/Helsinki'] [timed(sb),13059] DEBUG at machine.cpp:184 in machine_t::machine_t(const Timed*):
[27736.523 (CEST,GMT+2) 2012-07-21 21:51:57.339 'Europe/Helsinki'] [timed(sb),13059] -- machine->settings->alarms_are_enabled=1
[27736.523 (CEST,GMT+2) 2012-07-21 21:51:57.339 'Europe/Helsinki'] [timed(sb),13059] DEBUG: at machine.cpp:185 in machine_t::machine_t(const Timed*)
[27736.523 (CEST,GMT+2) 2012-07-21 21:51:57.339 'Europe/Helsinki'] [timed(sb),13059] DEBUG: at state.cpp:159 in virtual void abstract_gate_state_t::open()
[27736.523 (CEST,GMT+2) 2012-07-21 21:51:57.339 'Europe/Helsinki'] [timed(sb),13059] DEBUG: at state.cpp:161 in virtual void abstract_gate_state_t::open()
[27736.523 (CEST,GMT+2) 2012-07-21 21:51:57.339 'Europe/Helsinki'] [timed(sb),13059] DEBUG at state.cpp:164 in virtual void abstract_gate_state_t::open():
[27736.523 (CEST,GMT+2) 2012-07-21 21:51:57.339 'Europe/Helsinki'] [timed(sb),13059] -- events.empty()=1
[27736.523 (CEST,GMT+2) 2012-07-21 21:51:57.339 'Europe/Helsinki'] [timed(sb),13059] DEBUG: at state.cpp:167 in virtual void abstract_gate_state_t::open()
[27736.523 (CEST,GMT+2) 2012-07-21 21:51:57.339 'Europe/Helsinki'] [timed(sb),13059] DEBUG: at machine.cpp:187 in machine_t::machine_t(const Timed*)
[27736.523 (CEST,GMT+2) 2012-07-21 21:51:57.339 'Europe/Helsinki'] [timed(sb),13059] DEBUG: at machine.cpp:191 in machine_t::machine_t(const Timed*)
[27736.523 (CEST,GMT+2) 2012-07-21 21:51:57.339 'Europe/Helsinki'] [timed(sb),13059] DEBUG: at machine.cpp:193 in machine_t::machine_t(const Timed*)
[27736.523 (CEST,GMT+2) 2012-07-21 21:51:57.339 'Europe/Helsinki'] [timed(sb),13059] DEBUG at machine.cpp:195 in machine_t::machine_t(const Timed*):
[27736.523 (CEST,GMT+2) 2012-07-21 21:51:57.339 'Europe/Helsinki'] [timed(sb),13059] -- last line
[27736.523 (CEST,GMT+2) 2012-07-21 21:51:57.339 'Europe/Helsinki'] [timed(sb),13059] DEBUG at timed.cpp:446 in void Timed::init_create_event_machine():
[27736.523 (CEST,GMT+2) 2012-07-21 21:51:57.339 'Europe/Helsinki'] [timed(sb),13059] -- am=new machine done
[27736.523 (CEST,GMT+2) 2012-07-21 21:51:57.339 'Europe/Helsinki'] [timed(sb),13059] DEBUG: at timed.cpp:118 in Timed::Timed(int, char**)
[27736.527 (CEST,GMT+2) 2012-07-21 21:51:57.342 'Europe/Helsinki'] [timed(sb),13059] NOTICE: MODE: running in USER mode
[27736.527 (CEST,GMT+2) 2012-07-21 21:51:57.343 'Europe/Helsinki'] [timed(sb),13059] DEBUG: at state.cpp:159 in virtual void abstract_gate_state_t::open()
[27736.527 (CEST,GMT+2) 2012-07-21 21:51:57.343 'Europe/Helsinki'] [timed(sb),13059] DEBUG: at state.cpp:161 in virtual void abstract_gate_state_t::open()
[27736.527 (CEST,GMT+2) 2012-07-21 21:51:57.343 'Europe/Helsinki'] [timed(sb),13059] DEBUG at state.cpp:164 in virtual void abstract_gate_state_t::open():
[27736.527 (CEST,GMT+2) 2012-07-21 21:51:57.343 'Europe/Helsinki'] [timed(sb),13059] -- events.empty()=1
[27736.527 (CEST,GMT+2) 2012-07-21 21:51:57.343 'Europe/Helsinki'] [timed(sb),13059] DEBUG: at state.cpp:167 in virtual void abstract_gate_state_t::open()
[27736.527 (CEST,GMT+2) 2012-07-21 21:51:57.343 'Europe/Helsinki'] [timed(sb),13059] INFO at machine.cpp:230 in void machine_t::device_mode_detected(bool):
[27736.527 (CEST,GMT+2) 2012-07-21 21:51:57.343 'Europe/Helsinki'] [timed(sb),13059] -- device_mode_detected: USER
[27736.527 (CEST,GMT+2) 2012-07-21 21:51:57.343 'Europe/Helsinki'] [timed(sb),13059] NOTICE: unfreezing event machine
[27736.527 (CEST,GMT+2) 2012-07-21 21:51:57.343 'Europe/Helsinki'] [timed(sb),13059] DEBUG: at state.cpp:159 in virtual void abstract_gate_state_t::open()
[27736.527 (CEST,GMT+2) 2012-07-21 21:51:57.343 'Europe/Helsinki'] [timed(sb),13059] DEBUG: at state.cpp:161 in virtual void abstract_gate_state_t::open()
[27736.527 (CEST,GMT+2) 2012-07-21 21:51:57.343 'Europe/Helsinki'] [timed(sb),13059] DEBUG at state.cpp:164 in virtual void abstract_gate_state_t::open():
[27736.527 (CEST,GMT+2) 2012-07-21 21:51:57.343 'Europe/Helsinki'] [timed(sb),13059] -- events.empty()=1
[27736.527 (CEST,GMT+2) 2012-07-21 21:51:57.343 'Europe/Helsinki'] [timed(sb),13059] DEBUG: at state.cpp:167 in virtual void abstract_gate_state_t::open()
[27736.527 (CEST,GMT+2) 2012-07-21 21:51:57.343 'Europe/Helsinki'] [timed(sb),13059] DEBUG: at machine.cpp:385 in void machine_t::send_bootup_signal()
[27736.527 (CEST,GMT+2) 2012-07-21 21:51:57.343 'Europe/Helsinki'] [timed(sb),13059] DEBUG at machine.cpp:395 in void machine_t::send_bootup_signal():
[27736.527 (CEST,GMT+2) 2012-07-21 21:51:57.343 'Europe/Helsinki'] [timed(sb),13059] -- signalled_bootup=-1, next_bootup=0
[27736.527 (CEST,GMT+2) 2012-07-21 21:51:57.343 'Europe/Helsinki'] [timed(sb),13059] DEBUG: at machine.cpp:398 in void machine_t::send_bootup_signal()
[27736.529 (CEST,GMT+2) 2012-07-21 21:51:57.345 'Europe/Helsinki'] [timed(sb),13059] DEBUG: at timed.cpp:121 in Timed::Timed(int, char**)
[27736.529 (CEST,GMT+2) 2012-07-21 21:51:57.345 'Europe/Helsinki'] [timed(sb),13059] DEBUG at timed.cpp:519 in void Timed::init_context_objects():
[27736.529 (CEST,GMT+2) 2012-07-21 21:51:57.345 'Europe/Helsinki'] [timed(sb),13059] -- (new ContextProvider::Service(Maemo::Timed::bus()))->setAsDefault()
[27736.530 (CEST,GMT+2) 2012-07-21 21:51:57.346 'Europe/Helsinki'] [timed(sb),13059] DEBUG: at timed.cpp:124 in Timed::Timed(int, char**)
[27736.530 (CEST,GMT+2) 2012-07-21 21:51:57.346 'Europe/Helsinki'] [timed(sb),13059] INFO at timed.cpp:539 in void Timed::init_backup_object():
[27736.530 (CEST,GMT+2) 2012-07-21 21:51:57.346 'Europe/Helsinki'] [timed(sb),13059] -- backup interface object registered on path '/com/nokia/timed/backup'
[27736.530 (CEST,GMT+2) 2012-07-21 21:51:57.346 'Europe/Helsinki'] [timed(sb),13059] DEBUG: at timed.cpp:127 in Timed::Timed(int, char**)
[27736.530 (CEST,GMT+2) 2012-07-21 21:51:57.346 'Europe/Helsinki'] [timed(sb),13059] INFO at timed.cpp:553 in void Timed::init_main_interface_object():
[27736.530 (CEST,GMT+2) 2012-07-21 21:51:57.346 'Europe/Helsinki'] [timed(sb),13059] -- main interface object registered on path '/com/nokia/time'
[27736.530 (CEST,GMT+2) 2012-07-21 21:51:57.346 'Europe/Helsinki'] [timed(sb),13059] DEBUG: at timed.cpp:130 in Timed::Timed(int, char**)
[27736.530 (CEST,GMT+2) 2012-07-21 21:51:57.346 'Europe/Helsinki'] [timed(sb),13059] INFO at timed.cpp:572 in void Timed::init_backup_dbus_name():
[27736.530 (CEST,GMT+2) 2012-07-21 21:51:57.346 'Europe/Helsinki'] [timed(sb),13059] -- service name 'com.nokia.timed.backup' registered on bus 'qt_default_system_bus'
[27736.530 (CEST,GMT+2) 2012-07-21 21:51:57.346 'Europe/Helsinki'] [timed(sb),13059] DEBUG: at timed.cpp:133 in Timed::Timed(int, char**)
[27736.531 (CEST,GMT+2) 2012-07-21 21:51:57.347 'Europe/Helsinki'] [timed(sb),13059] INFO at timed.cpp:589 in void Timed::init_main_interface_dbus_name():
[27736.531 (CEST,GMT+2) 2012-07-21 21:51:57.347 'Europe/Helsinki'] [timed(sb),13059] -- service name 'com.nokia.time' registered on bus 'qt_default_system_bus'
[27736.531 (CEST,GMT+2) 2012-07-21 21:51:57.347 'Europe/Helsinki'] [timed(sb),13059] DEBUG: at timed.cpp:136 in Timed::Timed(int, char**)
[27736.535 (CEST,GMT+2) 2012-07-21 21:51:57.351 'Europe/Helsinki'] [timed(sb),13059] DEBUG: at timed.cpp:139 in Timed::Timed(int, char**)
[27736.535 (CEST,GMT+2) 2012-07-21 21:51:57.351 'Europe/Helsinki'] [timed(sb),13059] WARNING: can't read '/var/cache/timed/aegis/events.data': No such file or directory
[27736.535 (CEST,GMT+2) 2012-07-21 21:51:57.351 'Europe/Helsinki'] [timed(sb),13059] WARNING: can't read '/var/cache/timed/aegis/events.data.bak': No such file or directory
[27736.535 (CEST,GMT+2) 2012-07-21 21:51:57.351 'Europe/Helsinki'] [timed(sb),13059] INFO at storage.cpp:161 in iodata::record* iodata::storage::load():
[27736.535 (CEST,GMT+2) 2012-07-21 21:51:57.351 'Europe/Helsinki'] [timed(sb),13059] -- using default values for data in '/var/cache/timed/aegis/events.data'
[27736.535 (CEST,GMT+2) 2012-07-21 21:51:57.351 'Europe/Helsinki'] [timed(sb),13059] DEBUG: at timed.cpp:142 in Timed::Timed(int, char**)
[27736.535 (CEST,GMT+2) 2012-07-21 21:51:57.351 'Europe/Helsinki'] [timed(sb),13059] NOTICE: opening file '/usr/share/tzdata-timed/country-by-mcc.data', reading record of type 'mcc_to_xy_t'
[27736.536 (CEST,GMT+2) 2012-07-21 21:51:57.352 'Europe/Helsinki'] [timed(sb),13059] DEBUG: at storage.cpp:118 in iodata::record* iodata::storage::load()
[27736.537 (CEST,GMT+2) 2012-07-21 21:51:57.352 'Europe/Helsinki'] [timed(sb),13059] DEBUG: at storage.cpp:120 in iodata::record* iodata::storage::load()
[27736.537 (CEST,GMT+2) 2012-07-21 21:51:57.352 'Europe/Helsinki'] [timed(sb),13059] INFO at storage.cpp:133 in iodata::record* iodata::storage::load():
[27736.537 (CEST,GMT+2) 2012-07-21 21:51:57.352 'Europe/Helsinki'] [timed(sb),13059] -- read data from '/usr/share/tzdata-timed/country-by-mcc.data'
[27736.537 (CEST,GMT+2) 2012-07-21 21:51:57.353 'Europe/Helsinki'] [timed(sb),13059] NOTICE: opening file '/usr/share/tzdata-timed/single.data', reading record of type 'tz_single_t'
[27736.538 (CEST,GMT+2) 2012-07-21 21:51:57.354 'Europe/Helsinki'] [timed(sb),13059] DEBUG: at storage.cpp:118 in iodata::record* iodata::storage::load()
[27736.538 (CEST,GMT+2) 2012-07-21 21:51:57.354 'Europe/Helsinki'] [timed(sb),13059] DEBUG: at storage.cpp:120 in iodata::record* iodata::storage::load()
[27736.538 (CEST,GMT+2) 2012-07-21 21:51:57.354 'Europe/Helsinki'] [timed(sb),13059] INFO at storage.cpp:133 in iodata::record* iodata::storage::load():
[27736.538 (CEST,GMT+2) 2012-07-21 21:51:57.354 'Europe/Helsinki'] [timed(sb),13059] -- read data from '/usr/share/tzdata-timed/single.data'
[27736.538 (CEST,GMT+2) 2012-07-21 21:51:57.354 'Europe/Helsinki'] [timed(sb),13059] NOTICE: opening file '/usr/share/tzdata-timed/zones-by-country.data', reading record of type 'zones_by_country_t'
[27736.539 (CEST,GMT+2) 2012-07-21 21:51:57.354 'Europe/Helsinki'] [timed(sb),13059] DEBUG: at storage.cpp:118 in iodata::record* iodata::storage::load()
[27736.539 (CEST,GMT+2) 2012-07-21 21:51:57.355 'Europe/Helsinki'] [timed(sb),13059] DEBUG: at storage.cpp:120 in iodata::record* iodata::storage::load()
[27736.539 (CEST,GMT+2) 2012-07-21 21:51:57.355 'Europe/Helsinki'] [timed(sb),13059] INFO at storage.cpp:133 in iodata::record* iodata::storage::load():
[27736.539 (CEST,GMT+2) 2012-07-21 21:51:57.355 'Europe/Helsinki'] [timed(sb),13059] -- read data from '/usr/share/tzdata-timed/zones-by-country.data'
[27736.556 (CEST,GMT+2) 2012-07-21 21:51:57.372 'Europe/Helsinki'] [timed(sb),13059] INFO at csd.cpp:48 in csd_t::csd_t(Timed*):
[27736.556 (CEST,GMT+2) 2012-07-21 21:51:57.372 'Europe/Helsinki'] [timed(sb),13059] -- succesfully connected to csd time signals
[27736.556 (CEST,GMT+2) 2012-07-21 21:51:57.372 'Europe/Helsinki'] [timed(sb),13059] INFO at csd.cpp:56 in csd_t::csd_t(Timed*):
[27736.556 (CEST,GMT+2) 2012-07-21 21:51:57.372 'Europe/Helsinki'] [timed(sb),13059] -- succesfully connected to csd network operator signal
[27736.556 (CEST,GMT+2) 2012-07-21 21:51:57.372 'Europe/Helsinki'] [timed(sb),13059] DEBUG: at timed.cpp:145 in Timed::Timed(int, char**)
[27736.565 (CEST,GMT+2) 2012-07-21 21:51:57.381 'Europe/Helsinki'] [timed(sb),13059] DEBUG: at timed.cpp:148 in Timed::Timed(int, char**)
[27736.565 (CEST,GMT+2) 2012-07-21 21:51:57.381 'Europe/Helsinki'] [timed(sb),13059] DEBUG: at timed.cpp:689 in void Timed::init_dst_checker()
[27736.565 (CEST,GMT+2) 2012-07-21 21:51:57.381 'Europe/Helsinki'] [timed(sb),13059] DEBUG at timed.cpp:152 in Timed::Timed(int, char**):
[27736.565 (CEST,GMT+2) 2012-07-21 21:51:57.381 'Europe/Helsinki'] [timed(sb),13059] -- starting event mahine
[27736.565 (CEST,GMT+2) 2012-07-21 21:51:57.381 'Europe/Helsinki'] [timed(sb),13059] CRITICAL ERROR: can't fix the primary settings file
[27736.565 (CEST,GMT+2) 2012-07-21 21:51:57.381 'Europe/Helsinki'] [timed(sb),13059] CRITICAL ERROR: can't fix the primary event queue file
[27736.565 (CEST,GMT+2) 2012-07-21 21:51:57.381 'Europe/Helsinki'] [timed(sb),13059] DEBUG: at machine.cpp:327 in void machine_t::update_rtc_alarm()
[27736.565 (CEST,GMT+2) 2012-07-21 21:51:57.381 'Europe/Helsinki'] [timed(sb),13059] DEBUG at machine.cpp:351 in void machine_t::update_rtc_alarm():
[27736.565 (CEST,GMT+2) 2012-07-21 21:51:57.381 'Europe/Helsinki'] [timed(sb),13059] -- rtc.enabled=0
[27736.565 (CEST,GMT+2) 2012-07-21 21:51:57.381 'Europe/Helsinki'] [timed(sb),13059] ERROR: Can't open real time clock: Permission denied
[27736.565 (CEST,GMT+2) 2012-07-21 21:51:57.381 'Europe/Helsinki'] [timed(sb),13059] DEBUG: at machine.cpp:385 in void machine_t::send_bootup_signal()
[27736.565 (CEST,GMT+2) 2012-07-21 21:51:57.381 'Europe/Helsinki'] [timed(sb),13059] DEBUG at machine.cpp:395 in void machine_t::send_bootup_signal():
[27736.565 (CEST,GMT+2) 2012-07-21 21:51:57.381 'Europe/Helsinki'] [timed(sb),13059] -- signalled_bootup=0, next_bootup=0
[27736.566 (CEST,GMT+2) 2012-07-21 21:51:57.381 'Europe/Helsinki'] [timed(sb),13059] DEBUG: at machine.cpp:398 in void machine_t::send_bootup_signal()
[27736.566 (CEST,GMT+2) 2012-07-21 21:51:57.381 'Europe/Helsinki'] [timed(sb),13059] DEBUG at state.cpp:328 in void state_queued_t::engine_pause(int):
[27736.566 (CEST,GMT+2) 2012-07-21 21:51:57.381 'Europe/Helsinki'] [timed(sb),13059] -- dx=-1, current pause value: '1', new value will be 0
[27736.566 (CEST,GMT+2) 2012-07-21 21:51:57.382 'Europe/Helsinki'] [timed(sb),13059] NOTICE: go to sleep, no alarm queued
[27736.566 (CEST,GMT+2) 2012-07-21 21:51:57.382 'Europe/Helsinki'] [timed(sb),13059] DEBUG: at machine.cpp:327 in void machine_t::update_rtc_alarm()
[27736.566 (CEST,GMT+2) 2012-07-21 21:51:57.382 'Europe/Helsinki'] [timed(sb),13059] DEBUG at machine.cpp:351 in void machine_t::update_rtc_alarm():
[27736.566 (CEST,GMT+2) 2012-07-21 21:51:57.382 'Europe/Helsinki'] [timed(sb),13059] -- rtc.enabled=0
[27736.566 (CEST,GMT+2) 2012-07-21 21:51:57.382 'Europe/Helsinki'] [timed(sb),13059] ERROR: Can't open real time clock: Permission denied
[27736.566 (CEST,GMT+2) 2012-07-21 21:51:57.382 'Europe/Helsinki'] [timed(sb),13059] DEBUG: at machine.cpp:385 in void machine_t::send_bootup_signal()
[27736.566 (CEST,GMT+2) 2012-07-21 21:51:57.382 'Europe/Helsinki'] [timed(sb),13059] DEBUG at machine.cpp:395 in void machine_t::send_bootup_signal():
[27736.566 (CEST,GMT+2) 2012-07-21 21:51:57.382 'Europe/Helsinki'] [timed(sb),13059] -- signalled_bootup=0, next_bootup=0
[27736.566 (CEST,GMT+2) 2012-07-21 21:51:57.382 'Europe/Helsinki'] [timed(sb),13059] DEBUG: at machine.cpp:398 in void machine_t::send_bootup_signal()
[27736.566 (CEST,GMT+2) 2012-07-21 21:51:57.382 'Europe/Helsinki'] [timed(sb),13059] DEBUG: at timed.cpp:155 in Timed::Timed(int, char**)
[27736.566 (CEST,GMT+2) 2012-07-21 21:51:57.382 'Europe/Helsinki'] [timed(sb),13059] DEBUG at timed.cpp:157 in Timed::Timed(int, char**):
[27736.566 (CEST,GMT+2) 2012-07-21 21:51:57.382 'Europe/Helsinki'] [timed(sb),13059] -- applying time zone settings
[27736.566 (CEST,GMT+2) 2012-07-21 21:51:57.382 'Europe/Helsinki'] [timed(sb),13059] DEBUG: at settings.cpp:416 in void source_settings::postload_fix_manual_zone()
[27736.566 (CEST,GMT+2) 2012-07-21 21:51:57.382 'Europe/Helsinki'] [timed(sb),13059] DEBUG: at settings.cpp:431 in void source_settings::postload_fix_manual_zone()
[27736.566 (CEST,GMT+2) 2012-07-21 21:51:57.382 'Europe/Helsinki'] [timed(sb),13059] DEBUG: at timed.cpp:160 in Timed::Timed(int, char**)
[27736.566 (CEST,GMT+2) 2012-07-21 21:51:57.382 'Europe/Helsinki'] [timed(sb),13059] DEBUG: at notification.cpp:37 in void kernel_notification_t::start()
[27736.566 (CEST,GMT+2) 2012-07-21 21:51:57.382 'Europe/Helsinki'] [timed(sb),13059] NOTICE: started kernel system time change notification watcher (time_at_zero=1342872580.815914790)
[27736.566 (CEST,GMT+2) 2012-07-21 21:51:57.382 'Europe/Helsinki'] [timed(sb),13059] INFO at timed.cpp:164 in Timed::Timed(int, char**):
[27736.566 (CEST,GMT+2) 2012-07-21 21:51:57.382 'Europe/Helsinki'] [timed(sb),13059] -- daemon is up and running
[27736.567 (CEST,GMT+2) 2012-07-21 21:51:57.383 'Europe/Helsinki'] [timed(sb),13059] NOTICE: CSD::csd_operator_q {mcc='', mnc=''}
[27736.567 (CEST,GMT+2) 2012-07-21 21:51:57.383 'Europe/Helsinki'] [timed(sb),13059] DEBUG at tz.cpp:528 in void tz_oracle_t::cellular_operator(const cellular_operator_t&):
[27736.567 (CEST,GMT+2) 2012-07-21 21:51:57.383 'Europe/Helsinki'] [timed(sb),13059] -- o={mcc='', mnc=''}, empty=1, same=1, same_country=0
[27736.567 (CEST,GMT+2) 2012-07-21 21:51:57.383 'Europe/Helsinki'] [timed(sb),13059] DEBUG at tz.cpp:531 in void tz_oracle_t::cellular_operator(const cellular_operator_t&):
[27736.567 (CEST,GMT+2) 2012-07-21 21:51:57.383 'Europe/Helsinki'] [timed(sb),13059] -- empty operator
[27736.567 (CEST,GMT+2) 2012-07-21 21:51:57.383 'Europe/Helsinki'] [timed(sb),13059] DEBUG: at state.cpp:175 in virtual void abstract_concentrating_state_t::open()
[27736.567 (CEST,GMT+2) 2012-07-21 21:51:57.383 'Europe/Helsinki'] [timed(sb),13059] DEBUG: at state.cpp:180 in virtual void abstract_concentrating_state_t::open()
[27736.567 (CEST,GMT+2) 2012-07-21 21:51:57.383 'Europe/Helsinki'] [timed(sb),13059] NOTICE: CSD::csd_time_q {invalid}
[27736.567 (CEST,GMT+2) 2012-07-21 21:51:57.383 'Europe/Helsinki'] [timed(sb),13059] NOTICE: empty time info, ignoring it
[27738.059 (CEST,GMT+2) 2012-07-21 21:51:58.875 'Europe/Helsinki'] [timed(sb),13059] NOTICE: DBUS::com.nokia.time.get_wall_clock_info() by PEER:::1.18 
[27738.059 (CEST,GMT+2) 2012-07-21 21:51:58.875 'Europe/Helsinki'] [timed(sb),13059] DEBUG at settings.cpp:242 in Maemo::Timed::WallClock::wall_info_pimple_t* source_settings::get_wall_clock_info(const nanotime_t&) const:
[27738.059 (CEST,GMT+2) 2012-07-21 21:51:58.875 'Europe/Helsinki'] [timed(sb),13059] -- back=N/A
[27738.060 (CEST,GMT+2) 2012-07-21 21:51:58.876 'Europe/Helsinki'] [timed(sb),13059] NOTICE: PEER:::1.18 pid=13078, cmdline='/usr/bin/sysuid -software', creds={uid='Tomek', gid='Tomek', tokens=[GRP::1002, GRP::Tomek]}
[27738.278 (CEST,GMT+2) 2012-07-21 21:51:59.094 'Europe/Helsinki'] [timed(sb),13059] NOTICE: DBUS::com.nokia.time.get_wall_clock_info() by PEER:::1.26 
[27738.278 (CEST,GMT+2) 2012-07-21 21:51:59.094 'Europe/Helsinki'] [timed(sb),13059] DEBUG at settings.cpp:242 in Maemo::Timed::WallClock::wall_info_pimple_t* source_settings::get_wall_clock_info(const nanotime_t&) const:
[27738.278 (CEST,GMT+2) 2012-07-21 21:51:59.094 'Europe/Helsinki'] [timed(sb),13059] -- back=N/A
[27738.279 (CEST,GMT+2) 2012-07-21 21:51:59.095 'Europe/Helsinki'] [timed(sb),13059] NOTICE: PEER:::1.26 pid=13126, cmdline='/usr/bin/meegotouchhome -software -o', creds={uid='Tomek', gid='Tomek', tokens=[GRP::1002, GRP::Tomek]}
[46993.160 (CEST,GMT+2) 2012-07-22 03:12:53.976 'Europe/Helsinki'] [timed(sb),13059] INFO at timed.cpp:1002 in void Timed::unix_signal(int):
[46993.160 (CEST,GMT+2) 2012-07-22 03:12:53.976 'Europe/Helsinki'] [timed(sb),13059] -- Termination signal... bye
[46993.160 (CEST,GMT+2) 2012-07-22 03:12:53.976 'Europe/Helsinki'] [timed(sb),13059] DEBUG: at machine.cpp:200 in virtual machine_t::~machine_t()
[46993.160 (CEST,GMT+2) 2012-07-22 03:12:53.976 'Europe/Helsinki'] [timed(sb),13059] NOTICE: deleting events
[46993.160 (CEST,GMT+2) 2012-07-22 03:12:53.976 'Europe/Helsinki'] [timed(sb),13059] NOTICE: deleting clusters
[46993.160 (CEST,GMT+2) 2012-07-22 03:12:53.976 'Europe/Helsinki'] [timed(sb),13059] NOTICE: deleting states
[46993.160 (CEST,GMT+2) 2012-07-22 03:12:53.976 'Europe/Helsinki'] [timed(sb),13059] DEBUG: at machine.cpp:214 in virtual machine_t::~machine_t()
[46993.189 (CEST,GMT+2) 2012-07-22 03:12:54.005 'Europe/Helsinki'] [timed(sb),13059] DEBUG: at timed.cpp:729 in void Timed::stop_stuff()
[46993.189 (CEST,GMT+2) 2012-07-22 03:12:54.005 'Europe/Helsinki'] [timed(sb),13059] DEBUG: at timed.cpp:731 in void Timed::stop_stuff()
[46993.189 (CEST,GMT+2) 2012-07-22 03:12:54.005 'Europe/Helsinki'] [timed(sb),13059] DEBUG: at timed.cpp:733 in void Timed::stop_stuff()
[46993.189 (CEST,GMT+2) 2012-07-22 03:12:54.005 'Europe/Helsinki'] [timed(sb),13059] DEBUG: at timed.cpp:735 in void Timed::stop_stuff()
[46993.189 (CEST,GMT+2) 2012-07-22 03:12:54.005 'Europe/Helsinki'] [timed(sb),13059] DEBUG: at timed.cpp:737 in void Timed::stop_stuff()
[46993.189 (CEST,GMT+2) 2012-07-22 03:12:54.005 'Europe/Helsinki'] [timed(sb),13059] DEBUG: at timed.cpp:739 in void Timed::stop_stuff()
[46993.189 (CEST,GMT+2) 2012-07-22 03:12:54.005 'Europe/Helsinki'] [timed(sb),13059] DEBUG: at timed.cpp:741 in void Timed::stop_stuff()
[46993.189 (CEST,GMT+2) 2012-07-22 03:12:54.005 'Europe/Helsinki'] [timed(sb),13059] DEBUG: at timed.cpp:743 in void Timed::stop_stuff()
[46993.189 (CEST,GMT+2) 2012-07-22 03:12:54.005 'Europe/Helsinki'] [timed(sb),13059] DEBUG: at timed.cpp:745 in void Timed::stop_stuff()
[46993.189 (CEST,GMT+2) 2012-07-22 03:12:54.005 'Europe/Helsinki'] [timed(sb),13059] DEBUG: at timed.cpp:747 in void Timed::stop_stuff()
[46993.189 (CEST,GMT+2) 2012-07-22 03:12:54.005 'Europe/Helsinki'] [timed(sb),13059] DEBUG: at timed.cpp:749 in void Timed::stop_stuff()
[46993.189 (CEST,GMT+2) 2012-07-22 03:12:54.005 'Europe/Helsinki'] [timed(sb),13059] NOTICE: stop_stuff() DONE
[46993.454 (CEST,GMT+2) 2012-07-22 03:12:54.270 'Europe/Helsinki'] [timed(sb),13059] DEBUG at olson.cpp:90 in static void olson::destructor():
[46993.454 (CEST,GMT+2) 2012-07-22 03:12:54.270 'Europe/Helsinki'] [timed(sb),13059] -- zonetab=0x997b298
[41311.284 (CEST,GMT+2) 2012-07-23 01:07:15.102 'Europe/Helsinki'] [timed,16277] NOTICE: time daemon started; debug_flags: timed=0, qmlog=0; syslog-level: 7 /var/log-level: 7 isatty(2)=0
[41311.297 (CEST,GMT+2) 2012-07-23 01:07:15.115 'Europe/Helsinki'] [timed,16277] NOTICE: image_type=''
[41311.298 (CEST,GMT+2) 2012-07-23 01:07:15.116 'Europe/Helsinki'] [timed,16277] DEBUG: at timed.cpp:93 in Timed::Timed(int, char**)
[41311.298 (CEST,GMT+2) 2012-07-23 01:07:15.116 'Europe/Helsinki'] [timed(sb),16277] INFO at timed.cpp:200 in void Timed::init_scratchbox_mode():
[41311.298 (CEST,GMT+2) 2012-07-23 01:07:15.116 'Europe/Helsinki'] [timed(sb),16277] -- SCRATCHBOX detected
[41311.298 (CEST,GMT+2) 2012-07-23 01:07:15.116 'Europe/Helsinki'] [timed(sb),16277] DEBUG: at timed.cpp:96 in Timed::Timed(int, char**)
[41311.298 (CEST,GMT+2) 2012-07-23 01:07:15.116 'Europe/Helsinki'] [timed(sb),16277] DEBUG: at timed.cpp:99 in Timed::Timed(int, char**)
[41311.298 (CEST,GMT+2) 2012-07-23 01:07:15.116 'Europe/Helsinki'] [timed(sb),16277] DEBUG: at timed.cpp:102 in Timed::Timed(int, char**)
[41311.298 (CEST,GMT+2) 2012-07-23 01:07:15.116 'Europe/Helsinki'] [timed(sb),16277] DEBUG: at timed.cpp:106 in Timed::Timed(int, char**)
[41311.310 (CEST,GMT+2) 2012-07-23 01:07:15.128 'Europe/Helsinki'] [timed(sb),16277] DEBUG: at storage.cpp:118 in iodata::record* iodata::storage::load()
[41311.310 (CEST,GMT+2) 2012-07-23 01:07:15.128 'Europe/Helsinki'] [timed(sb),16277] DEBUG: at storage.cpp:120 in iodata::record* iodata::storage::load()
[41311.310 (CEST,GMT+2) 2012-07-23 01:07:15.128 'Europe/Helsinki'] [timed(sb),16277] INFO at storage.cpp:133 in iodata::record* iodata::storage::load():
[41311.310 (CEST,GMT+2) 2012-07-23 01:07:15.128 'Europe/Helsinki'] [timed(sb),16277] -- read data from '/etc/timed.rc'
[41311.310 (CEST,GMT+2) 2012-07-23 01:07:15.128 'Europe/Helsinki'] [timed(sb),16277] INFO at timed.cpp:364 in void Timed::init_configuration():
[41311.310 (CEST,GMT+2) 2012-07-23 01:07:15.128 'Europe/Helsinki'] [timed(sb),16277] -- configuration loaded from '/etc/timed.rc'
[41311.310 (CEST,GMT+2) 2012-07-23 01:07:15.128 'Europe/Helsinki'] [timed(sb),16277] DEBUG at timed.cpp:375 in void Timed::init_configuration():
[41311.310 (CEST,GMT+2) 2012-07-23 01:07:15.128 'Europe/Helsinki'] [timed(sb),16277] -- deleting iodata::record *c
[41311.310 (CEST,GMT+2) 2012-07-23 01:07:15.128 'Europe/Helsinki'] [timed(sb),16277] DEBUG at timed.cpp:377 in void Timed::init_configuration():
[41311.310 (CEST,GMT+2) 2012-07-23 01:07:15.128 'Europe/Helsinki'] [timed(sb),16277] -- deleting config_storage
[41311.310 (CEST,GMT+2) 2012-07-23 01:07:15.128 'Europe/Helsinki'] [timed(sb),16277] DEBUG at timed.cpp:379 in void Timed::init_configuration():
[41311.310 (CEST,GMT+2) 2012-07-23 01:07:15.128 'Europe/Helsinki'] [timed(sb),16277] -- done
[41311.310 (CEST,GMT+2) 2012-07-23 01:07:15.128 'Europe/Helsinki'] [timed(sb),16277] DEBUG: at timed.cpp:109 in Timed::Timed(int, char**)
[41311.310 (CEST,GMT+2) 2012-07-23 01:07:15.128 'Europe/Helsinki'] [timed(sb),16277] WARNING: can't read '/usr/share/timed/customization.data': No such file or directory
[41311.310 (CEST,GMT+2) 2012-07-23 01:07:15.128 'Europe/Helsinki'] [timed(sb),16277] INFO at storage.cpp:161 in iodata::record* iodata::storage::load():
[41311.310 (CEST,GMT+2) 2012-07-23 01:07:15.128 'Europe/Helsinki'] [timed(sb),16277] -- using default values for data in '/usr/share/timed/customization.data'
[41311.310 (CEST,GMT+2) 2012-07-23 01:07:15.128 'Europe/Helsinki'] [timed(sb),16277] WARNING: customization file '/usr/share/timed/customization.data' corrupted or non-existing, using default values
[41311.310 (CEST,GMT+2) 2012-07-23 01:07:15.128 'Europe/Helsinki'] [timed(sb),16277] DEBUG: at timed.cpp:112 in Timed::Timed(int, char**)
[41311.310 (CEST,GMT+2) 2012-07-23 01:07:15.129 'Europe/Helsinki'] [timed(sb),16277] WARNING: can't read '/var/cache/timed/settings.data': No such file or directory
[41311.311 (CEST,GMT+2) 2012-07-23 01:07:15.129 'Europe/Helsinki'] [timed(sb),16277] WARNING: can't read '/var/cache/timed/settings.data.bak': No such file or directory
[41311.311 (CEST,GMT+2) 2012-07-23 01:07:15.129 'Europe/Helsinki'] [timed(sb),16277] INFO at storage.cpp:161 in iodata::record* iodata::storage::load():
[41311.311 (CEST,GMT+2) 2012-07-23 01:07:15.129 'Europe/Helsinki'] [timed(sb),16277] -- using default values for data in '/var/cache/timed/settings.data'
[41311.311 (CEST,GMT+2) 2012-07-23 01:07:15.129 'Europe/Helsinki'] [timed(sb),16277] DEBUG: at settings.cpp:94 in source_settings::source_settings(Timed*)
[41311.311 (CEST,GMT+2) 2012-07-23 01:07:15.129 'Europe/Helsinki'] [timed(sb),16277] DEBUG: at settings.cpp:138 in void source_settings::load(const iodata::record*, const std::string&)
[41311.311 (CEST,GMT+2) 2012-07-23 01:07:15.129 'Europe/Helsinki'] [timed(sb),16277] DEBUG at settings.cpp:139 in void source_settings::load(const iodata::record*, const std::string&):
[41311.311 (CEST,GMT+2) 2012-07-23 01:07:15.129 'Europe/Helsinki'] [timed(sb),16277] -- CUST time_nitz: 1
[41311.311 (CEST,GMT+2) 2012-07-23 01:07:15.129 'Europe/Helsinki'] [timed(sb),16277] DEBUG at settings.cpp:140 in void source_settings::load(const iodata::record*, const std::string&):
[41311.311 (CEST,GMT+2) 2012-07-23 01:07:15.129 'Europe/Helsinki'] [timed(sb),16277] -- CUST format_24: 1
[41311.311 (CEST,GMT+2) 2012-07-23 01:07:15.129 'Europe/Helsinki'] [timed(sb),16277] DEBUG at settings.cpp:147 in void source_settings::load(const iodata::record*, const std::string&):
[41311.311 (CEST,GMT+2) 2012-07-23 01:07:15.129 'Europe/Helsinki'] [timed(sb),16277] -- alarms_are_enabled := alarms == 1
[41311.311 (CEST,GMT+2) 2012-07-23 01:07:15.129 'Europe/Helsinki'] [timed(sb),16277] DEBUG at settings.cpp:150 in void source_settings::load(const iodata::record*, const std::string&):
[41311.311 (CEST,GMT+2) 2012-07-23 01:07:15.129 'Europe/Helsinki'] [timed(sb),16277] -- it: 'cellular_zone'
[41311.311 (CEST,GMT+2) 2012-07-23 01:07:15.129 'Europe/Helsinki'] [timed(sb),16277] DEBUG: at settings.cpp:157 in void source_settings::load(const iodata::record*, const std::string&)
[41311.311 (CEST,GMT+2) 2012-07-23 01:07:15.129 'Europe/Helsinki'] [timed(sb),16277] DEBUG at settings.cpp:150 in void source_settings::load(const iodata::record*, const std::string&):
[41311.311 (CEST,GMT+2) 2012-07-23 01:07:15.129 'Europe/Helsinki'] [timed(sb),16277] -- it: 'gps_utc'
[41311.311 (CEST,GMT+2) 2012-07-23 01:07:15.129 'Europe/Helsinki'] [timed(sb),16277] DEBUG: at settings.cpp:157 in void source_settings::load(const iodata::record*, const std::string&)
[41311.311 (CEST,GMT+2) 2012-07-23 01:07:15.129 'Europe/Helsinki'] [timed(sb),16277] DEBUG at settings.cpp:150 in void source_settings::load(const iodata::record*, const std::string&):
[41311.311 (CEST,GMT+2) 2012-07-23 01:07:15.129 'Europe/Helsinki'] [timed(sb),16277] -- it: 'manual_offset'
[41311.311 (CEST,GMT+2) 2012-07-23 01:07:15.129 'Europe/Helsinki'] [timed(sb),16277] DEBUG: at settings.cpp:157 in void source_settings::load(const iodata::record*, const std::string&)
[41311.311 (CEST,GMT+2) 2012-07-23 01:07:15.129 'Europe/Helsinki'] [timed(sb),16277] DEBUG at settings.cpp:150 in void source_settings::load(const iodata::record*, const std::string&):
[41311.311 (CEST,GMT+2) 2012-07-23 01:07:15.129 'Europe/Helsinki'] [timed(sb),16277] -- it: 'manual_utc'
[41311.311 (CEST,GMT+2) 2012-07-23 01:07:15.129 'Europe/Helsinki'] [timed(sb),16277] DEBUG: at settings.cpp:157 in void source_settings::load(const iodata::record*, const std::string&)
[41311.311 (CEST,GMT+2) 2012-07-23 01:07:15.129 'Europe/Helsinki'] [timed(sb),16277] DEBUG at settings.cpp:150 in void source_settings::load(const iodata::record*, const std::string&):
[41311.311 (CEST,GMT+2) 2012-07-23 01:07:15.129 'Europe/Helsinki'] [timed(sb),16277] -- it: 'manual_zone'
[41311.311 (CEST,GMT+2) 2012-07-23 01:07:15.129 'Europe/Helsinki'] [timed(sb),16277] DEBUG: at settings.cpp:157 in void source_settings::load(const iodata::record*, const std::string&)
[41311.311 (CEST,GMT+2) 2012-07-23 01:07:15.129 'Europe/Helsinki'] [timed(sb),16277] DEBUG at settings.cpp:150 in void source_settings::load(const iodata::record*, const std::string&):
[41311.311 (CEST,GMT+2) 2012-07-23 01:07:15.129 'Europe/Helsinki'] [timed(sb),16277] -- it: 'nitz_offset'
[41311.311 (CEST,GMT+2) 2012-07-23 01:07:15.129 'Europe/Helsinki'] [timed(sb),16277] DEBUG: at settings.cpp:157 in void source_settings::load(const iodata::record*, const std::string&)
[41311.311 (CEST,GMT+2) 2012-07-23 01:07:15.129 'Europe/Helsinki'] [timed(sb),16277] DEBUG at settings.cpp:150 in void source_settings::load(const iodata::record*, const std::string&):
[41311.311 (CEST,GMT+2) 2012-07-23 01:07:15.129 'Europe/Helsinki'] [timed(sb),16277] -- it: 'nitz_utc'
[41311.311 (CEST,GMT+2) 2012-07-23 01:07:15.129 'Europe/Helsinki'] [timed(sb),16277] DEBUG: at settings.cpp:157 in void source_settings::load(const iodata::record*, const std::string&)
[41311.311 (CEST,GMT+2) 2012-07-23 01:07:15.129 'Europe/Helsinki'] [timed(sb),16277] DEBUG at settings.cpp:150 in void source_settings::load(const iodata::record*, const std::string&):
[41311.311 (CEST,GMT+2) 2012-07-23 01:07:15.129 'Europe/Helsinki'] [timed(sb),16277] -- it: 'ntp_utc'
[41311.311 (CEST,GMT+2) 2012-07-23 01:07:15.130 'Europe/Helsinki'] [timed(sb),16277] DEBUG: at settings.cpp:157 in void source_settings::load(const iodata::record*, const std::string&)
[41311.311 (CEST,GMT+2) 2012-07-23 01:07:15.130 'Europe/Helsinki'] [timed(sb),16277] DEBUG: at timed.cpp:115 in Timed::Timed(int, char**)
[41311.312 (CEST,GMT+2) 2012-07-23 01:07:15.130 'Europe/Helsinki'] [timed(sb),16277] DEBUG: at machine.cpp:41 in machine_t::machine_t(const Timed*)
[41311.312 (CEST,GMT+2) 2012-07-23 01:07:15.130 'Europe/Helsinki'] [timed(sb),16277] DEBUG: at machine.cpp:89 in machine_t::machine_t(const Timed*)
[41311.312 (CEST,GMT+2) 2012-07-23 01:07:15.130 'Europe/Helsinki'] [timed(sb),16277] DEBUG: at machine.cpp:93 in machine_t::machine_t(const Timed*)
[41311.312 (CEST,GMT+2) 2012-07-23 01:07:15.130 'Europe/Helsinki'] [timed(sb),16277] DEBUG: at machine.cpp:97 in machine_t::machine_t(const Timed*)
[41311.312 (CEST,GMT+2) 2012-07-23 01:07:15.130 'Europe/Helsinki'] [timed(sb),16277] DEBUG: at machine.cpp:104 in machine_t::machine_t(const Timed*)
[41311.312 (CEST,GMT+2) 2012-07-23 01:07:15.130 'Europe/Helsinki'] [timed(sb),16277] DEBUG: at state.cpp:159 in virtual void abstract_gate_state_t::open()
[41311.312 (CEST,GMT+2) 2012-07-23 01:07:15.130 'Europe/Helsinki'] [timed(sb),16277] DEBUG: at state.cpp:161 in virtual void abstract_gate_state_t::open()
[41311.312 (CEST,GMT+2) 2012-07-23 01:07:15.130 'Europe/Helsinki'] [timed(sb),16277] DEBUG at state.cpp:164 in virtual void abstract_gate_state_t::open():
[41311.312 (CEST,GMT+2) 2012-07-23 01:07:15.130 'Europe/Helsinki'] [timed(sb),16277] -- events.empty()=1
[41311.312 (CEST,GMT+2) 2012-07-23 01:07:15.130 'Europe/Helsinki'] [timed(sb),16277] DEBUG: at state.cpp:167 in virtual void abstract_gate_state_t::open()
[41311.312 (CEST,GMT+2) 2012-07-23 01:07:15.130 'Europe/Helsinki'] [timed(sb),16277] DEBUG: at machine.cpp:166 in machine_t::machine_t(const Timed*)
[41311.312 (CEST,GMT+2) 2012-07-23 01:07:15.130 'Europe/Helsinki'] [timed(sb),16277] DEBUG: at machine.cpp:168 in machine_t::machine_t(const Timed*)
[41311.312 (CEST,GMT+2) 2012-07-23 01:07:15.130 'Europe/Helsinki'] [timed(sb),16277] DEBUG at state.cpp:328 in void state_queued_t::engine_pause(int):
[41311.312 (CEST,GMT+2) 2012-07-23 01:07:15.130 'Europe/Helsinki'] [timed(sb),16277] -- dx=1, current pause value: '0', new value will be 1
[41311.312 (CEST,GMT+2) 2012-07-23 01:07:15.130 'Europe/Helsinki'] [timed(sb),16277] DEBUG: at machine.cpp:170 in machine_t::machine_t(const Timed*)
[41311.312 (CEST,GMT+2) 2012-07-23 01:07:15.130 'Europe/Helsinki'] [timed(sb),16277] DEBUG: at machine.cpp:173 in machine_t::machine_t(const Timed*)
[41311.312 (CEST,GMT+2) 2012-07-23 01:07:15.130 'Europe/Helsinki'] [timed(sb),16277] DEBUG: at machine.cpp:175 in machine_t::machine_t(const Timed*)
[41311.312 (CEST,GMT+2) 2012-07-23 01:07:15.130 'Europe/Helsinki'] [timed(sb),16277] DEBUG: at machine.cpp:178 in machine_t::machine_t(const Timed*)
[41311.312 (CEST,GMT+2) 2012-07-23 01:07:15.130 'Europe/Helsinki'] [timed(sb),16277] DEBUG: at machine.cpp:180 in machine_t::machine_t(const Timed*)
[41311.312 (CEST,GMT+2) 2012-07-23 01:07:15.130 'Europe/Helsinki'] [timed(sb),16277] DEBUG: at machine.cpp:182 in machine_t::machine_t(const Timed*)
[41311.312 (CEST,GMT+2) 2012-07-23 01:07:15.130 'Europe/Helsinki'] [timed(sb),16277] DEBUG at machine.cpp:184 in machine_t::machine_t(const Timed*):
[41311.312 (CEST,GMT+2) 2012-07-23 01:07:15.130 'Europe/Helsinki'] [timed(sb),16277] -- machine->settings->alarms_are_enabled=1
[41311.312 (CEST,GMT+2) 2012-07-23 01:07:15.130 'Europe/Helsinki'] [timed(sb),16277] DEBUG: at machine.cpp:185 in machine_t::machine_t(const Timed*)
[41311.312 (CEST,GMT+2) 2012-07-23 01:07:15.130 'Europe/Helsinki'] [timed(sb),16277] DEBUG: at state.cpp:159 in virtual void abstract_gate_state_t::open()
[41311.312 (CEST,GMT+2) 2012-07-23 01:07:15.131 'Europe/Helsinki'] [timed(sb),16277] DEBUG: at state.cpp:161 in virtual void abstract_gate_state_t::open()
[41311.312 (CEST,GMT+2) 2012-07-23 01:07:15.131 'Europe/Helsinki'] [timed(sb),16277] DEBUG at state.cpp:164 in virtual void abstract_gate_state_t::open():
[41311.312 (CEST,GMT+2) 2012-07-23 01:07:15.131 'Europe/Helsinki'] [timed(sb),16277] -- events.empty()=1
[41311.312 (CEST,GMT+2) 2012-07-23 01:07:15.131 'Europe/Helsinki'] [timed(sb),16277] DEBUG: at state.cpp:167 in virtual void abstract_gate_state_t::open()
[41311.313 (CEST,GMT+2) 2012-07-23 01:07:15.131 'Europe/Helsinki'] [timed(sb),16277] DEBUG: at machine.cpp:187 in machine_t::machine_t(const Timed*)
[41311.313 (CEST,GMT+2) 2012-07-23 01:07:15.131 'Europe/Helsinki'] [timed(sb),16277] DEBUG: at machine.cpp:191 in machine_t::machine_t(const Timed*)
[41311.313 (CEST,GMT+2) 2012-07-23 01:07:15.131 'Europe/Helsinki'] [timed(sb),16277] DEBUG: at machine.cpp:193 in machine_t::machine_t(const Timed*)
[41311.313 (CEST,GMT+2) 2012-07-23 01:07:15.131 'Europe/Helsinki'] [timed(sb),16277] DEBUG at machine.cpp:195 in machine_t::machine_t(const Timed*):
[41311.313 (CEST,GMT+2) 2012-07-23 01:07:15.131 'Europe/Helsinki'] [timed(sb),16277] -- last line
[41311.313 (CEST,GMT+2) 2012-07-23 01:07:15.131 'Europe/Helsinki'] [timed(sb),16277] DEBUG at timed.cpp:446 in void Timed::init_create_event_machine():
[41311.313 (CEST,GMT+2) 2012-07-23 01:07:15.131 'Europe/Helsinki'] [timed(sb),16277] -- am=new machine done
[41311.313 (CEST,GMT+2) 2012-07-23 01:07:15.131 'Europe/Helsinki'] [timed(sb),16277] DEBUG: at timed.cpp:118 in Timed::Timed(int, char**)
[41311.314 (CEST,GMT+2) 2012-07-23 01:07:15.132 'Europe/Helsinki'] [timed(sb),16277] NOTICE: MODE: running in USER mode
[41311.314 (CEST,GMT+2) 2012-07-23 01:07:15.132 'Europe/Helsinki'] [timed(sb),16277] DEBUG: at state.cpp:159 in virtual void abstract_gate_state_t::open()
[41311.314 (CEST,GMT+2) 2012-07-23 01:07:15.132 'Europe/Helsinki'] [timed(sb),16277] DEBUG: at state.cpp:161 in virtual void abstract_gate_state_t::open()
[41311.314 (CEST,GMT+2) 2012-07-23 01:07:15.132 'Europe/Helsinki'] [timed(sb),16277] DEBUG at state.cpp:164 in virtual void abstract_gate_state_t::open():
[41311.314 (CEST,GMT+2) 2012-07-23 01:07:15.132 'Europe/Helsinki'] [timed(sb),16277] -- events.empty()=1
[41311.314 (CEST,GMT+2) 2012-07-23 01:07:15.132 'Europe/Helsinki'] [timed(sb),16277] DEBUG: at state.cpp:167 in virtual void abstract_gate_state_t::open()
[41311.314 (CEST,GMT+2) 2012-07-23 01:07:15.132 'Europe/Helsinki'] [timed(sb),16277] INFO at machine.cpp:230 in void machine_t::device_mode_detected(bool):
[41311.314 (CEST,GMT+2) 2012-07-23 01:07:15.132 'Europe/Helsinki'] [timed(sb),16277] -- device_mode_detected: USER
[41311.314 (CEST,GMT+2) 2012-07-23 01:07:15.132 'Europe/Helsinki'] [timed(sb),16277] NOTICE: unfreezing event machine
[41311.314 (CEST,GMT+2) 2012-07-23 01:07:15.132 'Europe/Helsinki'] [timed(sb),16277] DEBUG: at state.cpp:159 in virtual void abstract_gate_state_t::open()
[41311.314 (CEST,GMT+2) 2012-07-23 01:07:15.133 'Europe/Helsinki'] [timed(sb),16277] DEBUG: at state.cpp:161 in virtual void abstract_gate_state_t::open()
[41311.314 (CEST,GMT+2) 2012-07-23 01:07:15.133 'Europe/Helsinki'] [timed(sb),16277] DEBUG at state.cpp:164 in virtual void abstract_gate_state_t::open():
[41311.314 (CEST,GMT+2) 2012-07-23 01:07:15.133 'Europe/Helsinki'] [timed(sb),16277] -- events.empty()=1
[41311.315 (CEST,GMT+2) 2012-07-23 01:07:15.133 'Europe/Helsinki'] [timed(sb),16277] DEBUG: at state.cpp:167 in virtual void abstract_gate_state_t::open()
[41311.315 (CEST,GMT+2) 2012-07-23 01:07:15.133 'Europe/Helsinki'] [timed(sb),16277] DEBUG: at machine.cpp:385 in void machine_t::send_bootup_signal()
[41311.315 (CEST,GMT+2) 2012-07-23 01:07:15.133 'Europe/Helsinki'] [timed(sb),16277] DEBUG at machine.cpp:395 in void machine_t::send_bootup_signal():
[41311.315 (CEST,GMT+2) 2012-07-23 01:07:15.133 'Europe/Helsinki'] [timed(sb),16277] -- signalled_bootup=-1, next_bootup=0
[41311.315 (CEST,GMT+2) 2012-07-23 01:07:15.133 'Europe/Helsinki'] [timed(sb),16277] DEBUG: at machine.cpp:398 in void machine_t::send_bootup_signal()
[41311.315 (CEST,GMT+2) 2012-07-23 01:07:15.133 'Europe/Helsinki'] [timed(sb),16277] DEBUG: at timed.cpp:121 in Timed::Timed(int, char**)
[41311.315 (CEST,GMT+2) 2012-07-23 01:07:15.133 'Europe/Helsinki'] [timed(sb),16277] DEBUG at timed.cpp:519 in void Timed::init_context_objects():
[41311.315 (CEST,GMT+2) 2012-07-23 01:07:15.133 'Europe/Helsinki'] [timed(sb),16277] -- (new ContextProvider::Service(Maemo::Timed::bus()))->setAsDefault()
[41311.316 (CEST,GMT+2) 2012-07-23 01:07:15.134 'Europe/Helsinki'] [timed(sb),16277] DEBUG: at timed.cpp:124 in Timed::Timed(int, char**)
[41311.316 (CEST,GMT+2) 2012-07-23 01:07:15.134 'Europe/Helsinki'] [timed(sb),16277] INFO at timed.cpp:539 in void Timed::init_backup_object():
[41311.316 (CEST,GMT+2) 2012-07-23 01:07:15.134 'Europe/Helsinki'] [timed(sb),16277] -- backup interface object registered on path '/com/nokia/timed/backup'
[41311.316 (CEST,GMT+2) 2012-07-23 01:07:15.134 'Europe/Helsinki'] [timed(sb),16277] DEBUG: at timed.cpp:127 in Timed::Timed(int, char**)
[41311.316 (CEST,GMT+2) 2012-07-23 01:07:15.134 'Europe/Helsinki'] [timed(sb),16277] INFO at timed.cpp:553 in void Timed::init_main_interface_object():
[41311.316 (CEST,GMT+2) 2012-07-23 01:07:15.134 'Europe/Helsinki'] [timed(sb),16277] -- main interface object registered on path '/com/nokia/time'
[41311.316 (CEST,GMT+2) 2012-07-23 01:07:15.134 'Europe/Helsinki'] [timed(sb),16277] DEBUG: at timed.cpp:130 in Timed::Timed(int, char**)
[41311.316 (CEST,GMT+2) 2012-07-23 01:07:15.134 'Europe/Helsinki'] [timed(sb),16277] INFO at timed.cpp:572 in void Timed::init_backup_dbus_name():
[41311.316 (CEST,GMT+2) 2012-07-23 01:07:15.134 'Europe/Helsinki'] [timed(sb),16277] -- service name 'com.nokia.timed.backup' registered on bus 'qt_default_system_bus'
[41311.316 (CEST,GMT+2) 2012-07-23 01:07:15.134 'Europe/Helsinki'] [timed(sb),16277] DEBUG: at timed.cpp:133 in Timed::Timed(int, char**)
[41311.316 (CEST,GMT+2) 2012-07-23 01:07:15.135 'Europe/Helsinki'] [timed(sb),16277] INFO at timed.cpp:589 in void Timed::init_main_interface_dbus_name():
[41311.316 (CEST,GMT+2) 2012-07-23 01:07:15.135 'Europe/Helsinki'] [timed(sb),16277] -- service name 'com.nokia.time' registered on bus 'qt_default_system_bus'
[41311.317 (CEST,GMT+2) 2012-07-23 01:07:15.135 'Europe/Helsinki'] [timed(sb),16277] DEBUG: at timed.cpp:136 in Timed::Timed(int, char**)
[41311.317 (CEST,GMT+2) 2012-07-23 01:07:15.135 'Europe/Helsinki'] [timed(sb),16277] DEBUG: at timed.cpp:139 in Timed::Timed(int, char**)
[41311.317 (CEST,GMT+2) 2012-07-23 01:07:15.135 'Europe/Helsinki'] [timed(sb),16277] WARNING: can't read '/var/cache/timed/aegis/events.data': No such file or directory
[41311.317 (CEST,GMT+2) 2012-07-23 01:07:15.136 'Europe/Helsinki'] [timed(sb),16277] WARNING: can't read '/var/cache/timed/aegis/events.data.bak': No such file or directory
[41311.317 (CEST,GMT+2) 2012-07-23 01:07:15.136 'Europe/Helsinki'] [timed(sb),16277] INFO at storage.cpp:161 in iodata::record* iodata::storage::load():
[41311.317 (CEST,GMT+2) 2012-07-23 01:07:15.136 'Europe/Helsinki'] [timed(sb),16277] -- using default values for data in '/var/cache/timed/aegis/events.data'
[41311.318 (CEST,GMT+2) 2012-07-23 01:07:15.136 'Europe/Helsinki'] [timed(sb),16277] DEBUG: at timed.cpp:142 in Timed::Timed(int, char**)
[41311.318 (CEST,GMT+2) 2012-07-23 01:07:15.136 'Europe/Helsinki'] [timed(sb),16277] NOTICE: opening file '/usr/share/tzdata-timed/country-by-mcc.data', reading record of type 'mcc_to_xy_t'
[41311.335 (CEST,GMT+2) 2012-07-23 01:07:15.154 'Europe/Helsinki'] [timed(sb),16277] DEBUG: at storage.cpp:118 in iodata::record* iodata::storage::load()
[41311.336 (CEST,GMT+2) 2012-07-23 01:07:15.154 'Europe/Helsinki'] [timed(sb),16277] DEBUG: at storage.cpp:120 in iodata::record* iodata::storage::load()
[41311.336 (CEST,GMT+2) 2012-07-23 01:07:15.154 'Europe/Helsinki'] [timed(sb),16277] INFO at storage.cpp:133 in iodata::record* iodata::storage::load():
[41311.336 (CEST,GMT+2) 2012-07-23 01:07:15.154 'Europe/Helsinki'] [timed(sb),16277] -- read data from '/usr/share/tzdata-timed/country-by-mcc.data'
[41311.336 (CEST,GMT+2) 2012-07-23 01:07:15.154 'Europe/Helsinki'] [timed(sb),16277] NOTICE: opening file '/usr/share/tzdata-timed/single.data', reading record of type 'tz_single_t'
[41311.432 (CEST,GMT+2) 2012-07-23 01:07:15.250 'Europe/Helsinki'] [timed(sb),16277] DEBUG: at storage.cpp:118 in iodata::record* iodata::storage::load()
[41311.432 (CEST,GMT+2) 2012-07-23 01:07:15.250 'Europe/Helsinki'] [timed(sb),16277] DEBUG: at storage.cpp:120 in iodata::record* iodata::storage::load()
[41311.432 (CEST,GMT+2) 2012-07-23 01:07:15.250 'Europe/Helsinki'] [timed(sb),16277] INFO at storage.cpp:133 in iodata::record* iodata::storage::load():
[41311.432 (CEST,GMT+2) 2012-07-23 01:07:15.250 'Europe/Helsinki'] [timed(sb),16277] -- read data from '/usr/share/tzdata-timed/single.data'
[41311.432 (CEST,GMT+2) 2012-07-23 01:07:15.250 'Europe/Helsinki'] [timed(sb),16277] NOTICE: opening file '/usr/share/tzdata-timed/zones-by-country.data', reading record of type 'zones_by_country_t'
[41311.467 (CEST,GMT+2) 2012-07-23 01:07:15.285 'Europe/Helsinki'] [timed(sb),16277] DEBUG: at storage.cpp:118 in iodata::record* iodata::storage::load()
[41311.467 (CEST,GMT+2) 2012-07-23 01:07:15.285 'Europe/Helsinki'] [timed(sb),16277] DEBUG: at storage.cpp:120 in iodata::record* iodata::storage::load()
[41311.467 (CEST,GMT+2) 2012-07-23 01:07:15.285 'Europe/Helsinki'] [timed(sb),16277] INFO at storage.cpp:133 in iodata::record* iodata::storage::load():
[41311.467 (CEST,GMT+2) 2012-07-23 01:07:15.285 'Europe/Helsinki'] [timed(sb),16277] -- read data from '/usr/share/tzdata-timed/zones-by-country.data'
[41311.471 (CEST,GMT+2) 2012-07-23 01:07:15.289 'Europe/Helsinki'] [timed(sb),16277] INFO at csd.cpp:48 in csd_t::csd_t(Timed*):
[41311.471 (CEST,GMT+2) 2012-07-23 01:07:15.289 'Europe/Helsinki'] [timed(sb),16277] -- succesfully connected to csd time signals
[41311.471 (CEST,GMT+2) 2012-07-23 01:07:15.290 'Europe/Helsinki'] [timed(sb),16277] INFO at csd.cpp:56 in csd_t::csd_t(Timed*):
[41311.471 (CEST,GMT+2) 2012-07-23 01:07:15.290 'Europe/Helsinki'] [timed(sb),16277] -- succesfully connected to csd network operator signal
[41311.472 (CEST,GMT+2) 2012-07-23 01:07:15.290 'Europe/Helsinki'] [timed(sb),16277] DEBUG: at timed.cpp:145 in Timed::Timed(int, char**)
[41311.502 (CEST,GMT+2) 2012-07-23 01:07:15.320 'Europe/Helsinki'] [timed(sb),16277] DEBUG: at timed.cpp:148 in Timed::Timed(int, char**)
[41311.502 (CEST,GMT+2) 2012-07-23 01:07:15.320 'Europe/Helsinki'] [timed(sb),16277] DEBUG: at timed.cpp:689 in void Timed::init_dst_checker()
[41311.502 (CEST,GMT+2) 2012-07-23 01:07:15.320 'Europe/Helsinki'] [timed(sb),16277] DEBUG at timed.cpp:152 in Timed::Timed(int, char**):
[41311.502 (CEST,GMT+2) 2012-07-23 01:07:15.320 'Europe/Helsinki'] [timed(sb),16277] -- starting event mahine
[41311.502 (CEST,GMT+2) 2012-07-23 01:07:15.320 'Europe/Helsinki'] [timed(sb),16277] CRITICAL ERROR: can't fix the primary settings file
[41311.502 (CEST,GMT+2) 2012-07-23 01:07:15.320 'Europe/Helsinki'] [timed(sb),16277] CRITICAL ERROR: can't fix the primary event queue file
[41311.502 (CEST,GMT+2) 2012-07-23 01:07:15.320 'Europe/Helsinki'] [timed(sb),16277] DEBUG: at machine.cpp:327 in void machine_t::update_rtc_alarm()
[41311.502 (CEST,GMT+2) 2012-07-23 01:07:15.320 'Europe/Helsinki'] [timed(sb),16277] DEBUG at machine.cpp:351 in void machine_t::update_rtc_alarm():
[41311.502 (CEST,GMT+2) 2012-07-23 01:07:15.320 'Europe/Helsinki'] [timed(sb),16277] -- rtc.enabled=0
[41311.502 (CEST,GMT+2) 2012-07-23 01:07:15.321 'Europe/Helsinki'] [timed(sb),16277] ERROR: Can't open real time clock: Permission denied
[41311.503 (CEST,GMT+2) 2012-07-23 01:07:15.321 'Europe/Helsinki'] [timed(sb),16277] DEBUG: at machine.cpp:385 in void machine_t::send_bootup_signal()
[41311.503 (CEST,GMT+2) 2012-07-23 01:07:15.321 'Europe/Helsinki'] [timed(sb),16277] DEBUG at machine.cpp:395 in void machine_t::send_bootup_signal():
[41311.503 (CEST,GMT+2) 2012-07-23 01:07:15.321 'Europe/Helsinki'] [timed(sb),16277] -- signalled_bootup=0, next_bootup=0
[41311.503 (CEST,GMT+2) 2012-07-23 01:07:15.321 'Europe/Helsinki'] [timed(sb),16277] DEBUG: at machine.cpp:398 in void machine_t::send_bootup_signal()
[41311.503 (CEST,GMT+2) 2012-07-23 01:07:15.321 'Europe/Helsinki'] [timed(sb),16277] DEBUG at state.cpp:328 in void state_queued_t::engine_pause(int):
[41311.503 (CEST,GMT+2) 2012-07-23 01:07:15.321 'Europe/Helsinki'] [timed(sb),16277] -- dx=-1, current pause value: '1', new value will be 0
[41311.503 (CEST,GMT+2) 2012-07-23 01:07:15.321 'Europe/Helsinki'] [timed(sb),16277] NOTICE: go to sleep, no alarm queued
[41311.503 (CEST,GMT+2) 2012-07-23 01:07:15.321 'Europe/Helsinki'] [timed(sb),16277] DEBUG: at machine.cpp:327 in void machine_t::update_rtc_alarm()
[41311.503 (CEST,GMT+2) 2012-07-23 01:07:15.321 'Europe/Helsinki'] [timed(sb),16277] DEBUG at machine.cpp:351 in void machine_t::update_rtc_alarm():
[41311.503 (CEST,GMT+2) 2012-07-23 01:07:15.321 'Europe/Helsinki'] [timed(sb),16277] -- rtc.enabled=0
[41311.503 (CEST,GMT+2) 2012-07-23 01:07:15.321 'Europe/Helsinki'] [timed(sb),16277] ERROR: Can't open real time clock: Permission denied
[41311.503 (CEST,GMT+2) 2012-07-23 01:07:15.321 'Europe/Helsinki'] [timed(sb),16277] DEBUG: at machine.cpp:385 in void machine_t::send_bootup_signal()
[41311.503 (CEST,GMT+2) 2012-07-23 01:07:15.321 'Europe/Helsinki'] [timed(sb),16277] DEBUG at machine.cpp:395 in void machine_t::send_bootup_signal():
[41311.503 (CEST,GMT+2) 2012-07-23 01:07:15.321 'Europe/Helsinki'] [timed(sb),16277] -- signalled_bootup=0, next_bootup=0
[41311.503 (CEST,GMT+2) 2012-07-23 01:07:15.321 'Europe/Helsinki'] [timed(sb),16277] DEBUG: at machine.cpp:398 in void machine_t::send_bootup_signal()
[41311.503 (CEST,GMT+2) 2012-07-23 01:07:15.321 'Europe/Helsinki'] [timed(sb),16277] DEBUG: at timed.cpp:155 in Timed::Timed(int, char**)
[41311.503 (CEST,GMT+2) 2012-07-23 01:07:15.321 'Europe/Helsinki'] [timed(sb),16277] DEBUG at timed.cpp:157 in Timed::Timed(int, char**):
[41311.503 (CEST,GMT+2) 2012-07-23 01:07:15.321 'Europe/Helsinki'] [timed(sb),16277] -- applying time zone settings
[41311.503 (CEST,GMT+2) 2012-07-23 01:07:15.321 'Europe/Helsinki'] [timed(sb),16277] DEBUG: at settings.cpp:416 in void source_settings::postload_fix_manual_zone()
[41311.503 (CEST,GMT+2) 2012-07-23 01:07:15.321 'Europe/Helsinki'] [timed(sb),16277] DEBUG: at settings.cpp:431 in void source_settings::postload_fix_manual_zone()
[41311.503 (CEST,GMT+2) 2012-07-23 01:07:15.321 'Europe/Helsinki'] [timed(sb),16277] DEBUG: at timed.cpp:160 in Timed::Timed(int, char**)
[41311.503 (CEST,GMT+2) 2012-07-23 01:07:15.321 'Europe/Helsinki'] [timed(sb),16277] DEBUG: at notification.cpp:37 in void kernel_notification_t::start()
[41311.503 (CEST,GMT+2) 2012-07-23 01:07:15.321 'Europe/Helsinki'] [timed(sb),16277] NOTICE: started kernel system time change notification watcher (time_at_zero=1342957123.818084628)
[41311.503 (CEST,GMT+2) 2012-07-23 01:07:15.321 'Europe/Helsinki'] [timed(sb),16277] INFO at timed.cpp:164 in Timed::Timed(int, char**):
[41311.503 (CEST,GMT+2) 2012-07-23 01:07:15.321 'Europe/Helsinki'] [timed(sb),16277] -- daemon is up and running
[41311.504 (CEST,GMT+2) 2012-07-23 01:07:15.322 'Europe/Helsinki'] [timed(sb),16277] NOTICE: CSD::csd_operator_q {mcc='', mnc=''}
[41311.504 (CEST,GMT+2) 2012-07-23 01:07:15.322 'Europe/Helsinki'] [timed(sb),16277] DEBUG at tz.cpp:528 in void tz_oracle_t::cellular_operator(const cellular_operator_t&):
[41311.504 (CEST,GMT+2) 2012-07-23 01:07:15.322 'Europe/Helsinki'] [timed(sb),16277] -- o={mcc='', mnc=''}, empty=1, same=1, same_country=0
[41311.504 (CEST,GMT+2) 2012-07-23 01:07:15.322 'Europe/Helsinki'] [timed(sb),16277] DEBUG at tz.cpp:531 in void tz_oracle_t::cellular_operator(const cellular_operator_t&):
[41311.504 (CEST,GMT+2) 2012-07-23 01:07:15.322 'Europe/Helsinki'] [timed(sb),16277] -- empty operator
[41311.504 (CEST,GMT+2) 2012-07-23 01:07:15.322 'Europe/Helsinki'] [timed(sb),16277] DEBUG: at state.cpp:175 in virtual void abstract_concentrating_state_t::open()
[41311.504 (CEST,GMT+2) 2012-07-23 01:07:15.322 'Europe/Helsinki'] [timed(sb),16277] DEBUG: at state.cpp:180 in virtual void abstract_concentrating_state_t::open()
[41311.504 (CEST,GMT+2) 2012-07-23 01:07:15.322 'Europe/Helsinki'] [timed(sb),16277] NOTICE: CSD::csd_time_q {invalid}
[41311.504 (CEST,GMT+2) 2012-07-23 01:07:15.322 'Europe/Helsinki'] [timed(sb),16277] NOTICE: empty time info, ignoring it
[41313.526 (CEST,GMT+2) 2012-07-23 01:07:17.344 'Europe/Helsinki'] [timed(sb),16277] NOTICE: DBUS::com.nokia.time.get_wall_clock_info() by PEER:::1.18 
[41313.526 (CEST,GMT+2) 2012-07-23 01:07:17.344 'Europe/Helsinki'] [timed(sb),16277] DEBUG at settings.cpp:242 in Maemo::Timed::WallClock::wall_info_pimple_t* source_settings::get_wall_clock_info(const nanotime_t&) const:
[41313.526 (CEST,GMT+2) 2012-07-23 01:07:17.344 'Europe/Helsinki'] [timed(sb),16277] -- back=N/A
[41313.527 (CEST,GMT+2) 2012-07-23 01:07:17.345 'Europe/Helsinki'] [timed(sb),16277] NOTICE: PEER:::1.18 pid=16296, cmdline='/usr/bin/sysuid -software', creds={uid='Tomek', gid='Tomek', tokens=[GRP::1002, GRP::Tomek]}
[41315.801 (CEST,GMT+2) 2012-07-23 01:07:19.620 'Europe/Helsinki'] [timed(sb),16277] NOTICE: DBUS::com.nokia.time.get_wall_clock_info() by PEER:::1.30 
[41315.802 (CEST,GMT+2) 2012-07-23 01:07:19.620 'Europe/Helsinki'] [timed(sb),16277] DEBUG at settings.cpp:242 in Maemo::Timed::WallClock::wall_info_pimple_t* source_settings::get_wall_clock_info(const nanotime_t&) const:
[41315.802 (CEST,GMT+2) 2012-07-23 01:07:19.620 'Europe/Helsinki'] [timed(sb),16277] -- back=N/A
[41315.802 (CEST,GMT+2) 2012-07-23 01:07:19.620 'Europe/Helsinki'] [timed(sb),16277] NOTICE: PEER:::1.30 pid=16353, cmdline='/usr/bin/meegotouchhome -software -o', creds={uid='Tomek', gid='Tomek', tokens=[GRP::1002, GRP::Tomek]}
[7204.859 (CEST,GMT+2) 2012-07-24 13:39:00.672 'Europe/Helsinki'] [timed,16502] NOTICE: time daemon started; debug_flags: timed=0, qmlog=0; syslog-level: 7 /var/log-level: 7 isatty(2)=0
[7204.880 (CEST,GMT+2) 2012-07-24 13:39:00.692 'Europe/Helsinki'] [timed,16502] NOTICE: image_type=''
[7204.882 (CEST,GMT+2) 2012-07-24 13:39:00.694 'Europe/Helsinki'] [timed,16502] DEBUG: at timed.cpp:93 in Timed::Timed(int, char**)
[7204.882 (CEST,GMT+2) 2012-07-24 13:39:00.694 'Europe/Helsinki'] [timed(sb),16502] INFO at timed.cpp:200 in void Timed::init_scratchbox_mode():
[7204.882 (CEST,GMT+2) 2012-07-24 13:39:00.694 'Europe/Helsinki'] [timed(sb),16502] -- SCRATCHBOX detected
[7204.882 (CEST,GMT+2) 2012-07-24 13:39:00.695 'Europe/Helsinki'] [timed(sb),16502] DEBUG: at timed.cpp:96 in Timed::Timed(int, char**)
[7204.882 (CEST,GMT+2) 2012-07-24 13:39:00.695 'Europe/Helsinki'] [timed(sb),16502] DEBUG: at timed.cpp:99 in Timed::Timed(int, char**)
[7204.883 (CEST,GMT+2) 2012-07-24 13:39:00.695 'Europe/Helsinki'] [timed(sb),16502] DEBUG: at timed.cpp:102 in Timed::Timed(int, char**)
[7204.883 (CEST,GMT+2) 2012-07-24 13:39:00.695 'Europe/Helsinki'] [timed(sb),16502] DEBUG: at timed.cpp:106 in Timed::Timed(int, char**)
[7204.883 (CEST,GMT+2) 2012-07-24 13:39:00.695 'Europe/Helsinki'] [timed(sb),16502] DEBUG: at storage.cpp:118 in iodata::record* iodata::storage::load()
[7204.883 (CEST,GMT+2) 2012-07-24 13:39:00.695 'Europe/Helsinki'] [timed(sb),16502] DEBUG: at storage.cpp:120 in iodata::record* iodata::storage::load()
[7204.883 (CEST,GMT+2) 2012-07-24 13:39:00.695 'Europe/Helsinki'] [timed(sb),16502] INFO at storage.cpp:133 in iodata::record* iodata::storage::load():
[7204.883 (CEST,GMT+2) 2012-07-24 13:39:00.695 'Europe/Helsinki'] [timed(sb),16502] -- read data from '/etc/timed.rc'
[7204.883 (CEST,GMT+2) 2012-07-24 13:39:00.695 'Europe/Helsinki'] [timed(sb),16502] INFO at timed.cpp:364 in void Timed::init_configuration():
[7204.883 (CEST,GMT+2) 2012-07-24 13:39:00.695 'Europe/Helsinki'] [timed(sb),16502] -- configuration loaded from '/etc/timed.rc'
[7204.883 (CEST,GMT+2) 2012-07-24 13:39:00.695 'Europe/Helsinki'] [timed(sb),16502] DEBUG at timed.cpp:375 in void Timed::init_configuration():
[7204.883 (CEST,GMT+2) 2012-07-24 13:39:00.695 'Europe/Helsinki'] [timed(sb),16502] -- deleting iodata::record *c
[7204.883 (CEST,GMT+2) 2012-07-24 13:39:00.695 'Europe/Helsinki'] [timed(sb),16502] DEBUG at timed.cpp:377 in void Timed::init_configuration():
[7204.883 (CEST,GMT+2) 2012-07-24 13:39:00.695 'Europe/Helsinki'] [timed(sb),16502] -- deleting config_storage
[7204.883 (CEST,GMT+2) 2012-07-24 13:39:00.695 'Europe/Helsinki'] [timed(sb),16502] DEBUG at timed.cpp:379 in void Timed::init_configuration():
[7204.883 (CEST,GMT+2) 2012-07-24 13:39:00.695 'Europe/Helsinki'] [timed(sb),16502] -- done
[7204.883 (CEST,GMT+2) 2012-07-24 13:39:00.695 'Europe/Helsinki'] [timed(sb),16502] DEBUG: at timed.cpp:109 in Timed::Timed(int, char**)
[7204.883 (CEST,GMT+2) 2012-07-24 13:39:00.696 'Europe/Helsinki'] [timed(sb),16502] WARNING: can't read '/usr/share/timed/customization.data': No such file or directory
[7204.883 (CEST,GMT+2) 2012-07-24 13:39:00.696 'Europe/Helsinki'] [timed(sb),16502] INFO at storage.cpp:161 in iodata::record* iodata::storage::load():
[7204.883 (CEST,GMT+2) 2012-07-24 13:39:00.696 'Europe/Helsinki'] [timed(sb),16502] -- using default values for data in '/usr/share/timed/customization.data'
[7204.883 (CEST,GMT+2) 2012-07-24 13:39:00.696 'Europe/Helsinki'] [timed(sb),16502] WARNING: customization file '/usr/share/timed/customization.data' corrupted or non-existing, using default values
[7204.883 (CEST,GMT+2) 2012-07-24 13:39:00.696 'Europe/Helsinki'] [timed(sb),16502] DEBUG: at timed.cpp:112 in Timed::Timed(int, char**)
[7204.883 (CEST,GMT+2) 2012-07-24 13:39:00.696 'Europe/Helsinki'] [timed(sb),16502] WARNING: can't read '/var/cache/timed/settings.data': No such file or directory
[7204.883 (CEST,GMT+2) 2012-07-24 13:39:00.696 'Europe/Helsinki'] [timed(sb),16502] WARNING: can't read '/var/cache/timed/settings.data.bak': No such file or directory
[7204.884 (CEST,GMT+2) 2012-07-24 13:39:00.696 'Europe/Helsinki'] [timed(sb),16502] INFO at storage.cpp:161 in iodata::record* iodata::storage::load():
[7204.884 (CEST,GMT+2) 2012-07-24 13:39:00.696 'Europe/Helsinki'] [timed(sb),16502] -- using default values for data in '/var/cache/timed/settings.data'
[7204.884 (CEST,GMT+2) 2012-07-24 13:39:00.696 'Europe/Helsinki'] [timed(sb),16502] DEBUG: at settings.cpp:94 in source_settings::source_settings(Timed*)
[7204.884 (CEST,GMT+2) 2012-07-24 13:39:00.696 'Europe/Helsinki'] [timed(sb),16502] DEBUG: at settings.cpp:138 in void source_settings::load(const iodata::record*, const std::string&)
[7204.884 (CEST,GMT+2) 2012-07-24 13:39:00.696 'Europe/Helsinki'] [timed(sb),16502] DEBUG at settings.cpp:139 in void source_settings::load(const iodata::record*, const std::string&):
[7204.884 (CEST,GMT+2) 2012-07-24 13:39:00.696 'Europe/Helsinki'] [timed(sb),16502] -- CUST time_nitz: 1
[7204.884 (CEST,GMT+2) 2012-07-24 13:39:00.696 'Europe/Helsinki'] [timed(sb),16502] DEBUG at settings.cpp:140 in void source_settings::load(const iodata::record*, const std::string&):
[7204.884 (CEST,GMT+2) 2012-07-24 13:39:00.696 'Europe/Helsinki'] [timed(sb),16502] -- CUST format_24: 1
[7204.884 (CEST,GMT+2) 2012-07-24 13:39:00.696 'Europe/Helsinki'] [timed(sb),16502] DEBUG at settings.cpp:147 in void source_settings::load(const iodata::record*, const std::string&):
[7204.884 (CEST,GMT+2) 2012-07-24 13:39:00.696 'Europe/Helsinki'] [timed(sb),16502] -- alarms_are_enabled := alarms == 1
[7204.884 (CEST,GMT+2) 2012-07-24 13:39:00.696 'Europe/Helsinki'] [timed(sb),16502] DEBUG at settings.cpp:150 in void source_settings::load(const iodata::record*, const std::string&):
[7204.884 (CEST,GMT+2) 2012-07-24 13:39:00.696 'Europe/Helsinki'] [timed(sb),16502] -- it: 'cellular_zone'
[7204.884 (CEST,GMT+2) 2012-07-24 13:39:00.696 'Europe/Helsinki'] [timed(sb),16502] DEBUG: at settings.cpp:157 in void source_settings::load(const iodata::record*, const std::string&)
[7204.884 (CEST,GMT+2) 2012-07-24 13:39:00.696 'Europe/Helsinki'] [timed(sb),16502] DEBUG at settings.cpp:150 in void source_settings::load(const iodata::record*, const std::string&):
[7204.884 (CEST,GMT+2) 2012-07-24 13:39:00.696 'Europe/Helsinki'] [timed(sb),16502] -- it: 'gps_utc'
[7204.884 (CEST,GMT+2) 2012-07-24 13:39:00.696 'Europe/Helsinki'] [timed(sb),16502] DEBUG: at settings.cpp:157 in void source_settings::load(const iodata::record*, const std::string&)
[7204.884 (CEST,GMT+2) 2012-07-24 13:39:00.696 'Europe/Helsinki'] [timed(sb),16502] DEBUG at settings.cpp:150 in void source_settings::load(const iodata::record*, const std::string&):
[7204.884 (CEST,GMT+2) 2012-07-24 13:39:00.696 'Europe/Helsinki'] [timed(sb),16502] -- it: 'manual_offset'
[7204.884 (CEST,GMT+2) 2012-07-24 13:39:00.696 'Europe/Helsinki'] [timed(sb),16502] DEBUG: at settings.cpp:157 in void source_settings::load(const iodata::record*, const std::string&)
[7204.884 (CEST,GMT+2) 2012-07-24 13:39:00.696 'Europe/Helsinki'] [timed(sb),16502] DEBUG at settings.cpp:150 in void source_settings::load(const iodata::record*, const std::string&):
[7204.884 (CEST,GMT+2) 2012-07-24 13:39:00.696 'Europe/Helsinki'] [timed(sb),16502] -- it: 'manual_utc'
[7204.884 (CEST,GMT+2) 2012-07-24 13:39:00.697 'Europe/Helsinki'] [timed(sb),16502] DEBUG: at settings.cpp:157 in void source_settings::load(const iodata::record*, const std::string&)
[7204.884 (CEST,GMT+2) 2012-07-24 13:39:00.697 'Europe/Helsinki'] [timed(sb),16502] DEBUG at settings.cpp:150 in void source_settings::load(const iodata::record*, const std::string&):
[7204.884 (CEST,GMT+2) 2012-07-24 13:39:00.697 'Europe/Helsinki'] [timed(sb),16502] -- it: 'manual_zone'
[7204.884 (CEST,GMT+2) 2012-07-24 13:39:00.697 'Europe/Helsinki'] [timed(sb),16502] DEBUG: at settings.cpp:157 in void source_settings::load(const iodata::record*, const std::string&)
[7204.884 (CEST,GMT+2) 2012-07-24 13:39:00.697 'Europe/Helsinki'] [timed(sb),16502] DEBUG at settings.cpp:150 in void source_settings::load(const iodata::record*, const std::string&):
[7204.884 (CEST,GMT+2) 2012-07-24 13:39:00.697 'Europe/Helsinki'] [timed(sb),16502] -- it: 'nitz_offset'
[7204.884 (CEST,GMT+2) 2012-07-24 13:39:00.697 'Europe/Helsinki'] [timed(sb),16502] DEBUG: at settings.cpp:157 in void source_settings::load(const iodata::record*, const std::string&)
[7204.884 (CEST,GMT+2) 2012-07-24 13:39:00.697 'Europe/Helsinki'] [timed(sb),16502] DEBUG at settings.cpp:150 in void source_settings::load(const iodata::record*, const std::string&):
[7204.884 (CEST,GMT+2) 2012-07-24 13:39:00.697 'Europe/Helsinki'] [timed(sb),16502] -- it: 'nitz_utc'
[7204.884 (CEST,GMT+2) 2012-07-24 13:39:00.697 'Europe/Helsinki'] [timed(sb),16502] DEBUG: at settings.cpp:157 in void source_settings::load(const iodata::record*, const std::string&)
[7204.885 (CEST,GMT+2) 2012-07-24 13:39:00.697 'Europe/Helsinki'] [timed(sb),16502] DEBUG at settings.cpp:150 in void source_settings::load(const iodata::record*, const std::string&):
[7204.885 (CEST,GMT+2) 2012-07-24 13:39:00.697 'Europe/Helsinki'] [timed(sb),16502] -- it: 'ntp_utc'
[7204.885 (CEST,GMT+2) 2012-07-24 13:39:00.697 'Europe/Helsinki'] [timed(sb),16502] DEBUG: at settings.cpp:157 in void source_settings::load(const iodata::record*, const std::string&)
[7204.885 (CEST,GMT+2) 2012-07-24 13:39:00.697 'Europe/Helsinki'] [timed(sb),16502] DEBUG: at timed.cpp:115 in Timed::Timed(int, char**)
[7204.885 (CEST,GMT+2) 2012-07-24 13:39:00.697 'Europe/Helsinki'] [timed(sb),16502] DEBUG: at machine.cpp:41 in machine_t::machine_t(const Timed*)
[7204.885 (CEST,GMT+2) 2012-07-24 13:39:00.697 'Europe/Helsinki'] [timed(sb),16502] DEBUG: at machine.cpp:89 in machine_t::machine_t(const Timed*)
[7204.885 (CEST,GMT+2) 2012-07-24 13:39:00.697 'Europe/Helsinki'] [timed(sb),16502] DEBUG: at machine.cpp:93 in machine_t::machine_t(const Timed*)
[7204.885 (CEST,GMT+2) 2012-07-24 13:39:00.697 'Europe/Helsinki'] [timed(sb),16502] DEBUG: at machine.cpp:97 in machine_t::machine_t(const Timed*)
[7204.885 (CEST,GMT+2) 2012-07-24 13:39:00.697 'Europe/Helsinki'] [timed(sb),16502] DEBUG: at machine.cpp:104 in machine_t::machine_t(const Timed*)
[7204.885 (CEST,GMT+2) 2012-07-24 13:39:00.697 'Europe/Helsinki'] [timed(sb),16502] DEBUG: at state.cpp:159 in virtual void abstract_gate_state_t::open()
[7204.885 (CEST,GMT+2) 2012-07-24 13:39:00.697 'Europe/Helsinki'] [timed(sb),16502] DEBUG: at state.cpp:161 in virtual void abstract_gate_state_t::open()
[7204.885 (CEST,GMT+2) 2012-07-24 13:39:00.697 'Europe/Helsinki'] [timed(sb),16502] DEBUG at state.cpp:164 in virtual void abstract_gate_state_t::open():
[7204.885 (CEST,GMT+2) 2012-07-24 13:39:00.697 'Europe/Helsinki'] [timed(sb),16502] -- events.empty()=1
[7204.885 (CEST,GMT+2) 2012-07-24 13:39:00.697 'Europe/Helsinki'] [timed(sb),16502] DEBUG: at state.cpp:167 in virtual void abstract_gate_state_t::open()
[7204.885 (CEST,GMT+2) 2012-07-24 13:39:00.698 'Europe/Helsinki'] [timed(sb),16502] DEBUG: at machine.cpp:166 in machine_t::machine_t(const Timed*)
[7204.885 (CEST,GMT+2) 2012-07-24 13:39:00.698 'Europe/Helsinki'] [timed(sb),16502] DEBUG: at machine.cpp:168 in machine_t::machine_t(const Timed*)
[7204.885 (CEST,GMT+2) 2012-07-24 13:39:00.698 'Europe/Helsinki'] [timed(sb),16502] DEBUG at state.cpp:328 in void state_queued_t::engine_pause(int):
[7204.885 (CEST,GMT+2) 2012-07-24 13:39:00.698 'Europe/Helsinki'] [timed(sb),16502] -- dx=1, current pause value: '0', new value will be 1
[7204.885 (CEST,GMT+2) 2012-07-24 13:39:00.698 'Europe/Helsinki'] [timed(sb),16502] DEBUG: at machine.cpp:170 in machine_t::machine_t(const Timed*)
[7204.885 (CEST,GMT+2) 2012-07-24 13:39:00.698 'Europe/Helsinki'] [timed(sb),16502] DEBUG: at machine.cpp:173 in machine_t::machine_t(const Timed*)
[7204.885 (CEST,GMT+2) 2012-07-24 13:39:00.698 'Europe/Helsinki'] [timed(sb),16502] DEBUG: at machine.cpp:175 in machine_t::machine_t(const Timed*)
[7204.885 (CEST,GMT+2) 2012-07-24 13:39:00.698 'Europe/Helsinki'] [timed(sb),16502] DEBUG: at machine.cpp:178 in machine_t::machine_t(const Timed*)
[7204.885 (CEST,GMT+2) 2012-07-24 13:39:00.698 'Europe/Helsinki'] [timed(sb),16502] DEBUG: at machine.cpp:180 in machine_t::machine_t(const Timed*)
[7204.885 (CEST,GMT+2) 2012-07-24 13:39:00.698 'Europe/Helsinki'] [timed(sb),16502] DEBUG: at machine.cpp:182 in machine_t::machine_t(const Timed*)
[7204.889 (CEST,GMT+2) 2012-07-24 13:39:00.701 'Europe/Helsinki'] [timed(sb),16502] DEBUG at machine.cpp:184 in machine_t::machine_t(const Timed*):
[7204.889 (CEST,GMT+2) 2012-07-24 13:39:00.701 'Europe/Helsinki'] [timed(sb),16502] -- machine->settings->alarms_are_enabled=1
[7204.889 (CEST,GMT+2) 2012-07-24 13:39:00.701 'Europe/Helsinki'] [timed(sb),16502] DEBUG: at machine.cpp:185 in machine_t::machine_t(const Timed*)
[7204.889 (CEST,GMT+2) 2012-07-24 13:39:00.701 'Europe/Helsinki'] [timed(sb),16502] DEBUG: at state.cpp:159 in virtual void abstract_gate_state_t::open()
[7204.889 (CEST,GMT+2) 2012-07-24 13:39:00.701 'Europe/Helsinki'] [timed(sb),16502] DEBUG: at state.cpp:161 in virtual void abstract_gate_state_t::open()
[7204.889 (CEST,GMT+2) 2012-07-24 13:39:00.701 'Europe/Helsinki'] [timed(sb),16502] DEBUG at state.cpp:164 in virtual void abstract_gate_state_t::open():
[7204.889 (CEST,GMT+2) 2012-07-24 13:39:00.701 'Europe/Helsinki'] [timed(sb),16502] -- events.empty()=1
[7204.889 (CEST,GMT+2) 2012-07-24 13:39:00.701 'Europe/Helsinki'] [timed(sb),16502] DEBUG: at state.cpp:167 in virtual void abstract_gate_state_t::open()
[7204.889 (CEST,GMT+2) 2012-07-24 13:39:00.701 'Europe/Helsinki'] [timed(sb),16502] DEBUG: at machine.cpp:187 in machine_t::machine_t(const Timed*)
[7204.889 (CEST,GMT+2) 2012-07-24 13:39:00.701 'Europe/Helsinki'] [timed(sb),16502] DEBUG: at machine.cpp:191 in machine_t::machine_t(const Timed*)
[7204.889 (CEST,GMT+2) 2012-07-24 13:39:00.701 'Europe/Helsinki'] [timed(sb),16502] DEBUG: at machine.cpp:193 in machine_t::machine_t(const Timed*)
[7204.889 (CEST,GMT+2) 2012-07-24 13:39:00.701 'Europe/Helsinki'] [timed(sb),16502] DEBUG at machine.cpp:195 in machine_t::machine_t(const Timed*):
[7204.889 (CEST,GMT+2) 2012-07-24 13:39:00.701 'Europe/Helsinki'] [timed(sb),16502] -- last line
[7204.889 (CEST,GMT+2) 2012-07-24 13:39:00.701 'Europe/Helsinki'] [timed(sb),16502] DEBUG at timed.cpp:446 in void Timed::init_create_event_machine():
[7204.889 (CEST,GMT+2) 2012-07-24 13:39:00.701 'Europe/Helsinki'] [timed(sb),16502] -- am=new machine done
[7204.889 (CEST,GMT+2) 2012-07-24 13:39:00.701 'Europe/Helsinki'] [timed(sb),16502] DEBUG: at timed.cpp:118 in Timed::Timed(int, char**)
[7204.898 (CEST,GMT+2) 2012-07-24 13:39:00.710 'Europe/Helsinki'] [timed(sb),16502] NOTICE: MODE: running in USER mode
[7204.898 (CEST,GMT+2) 2012-07-24 13:39:00.710 'Europe/Helsinki'] [timed(sb),16502] DEBUG: at state.cpp:159 in virtual void abstract_gate_state_t::open()
[7204.898 (CEST,GMT+2) 2012-07-24 13:39:00.710 'Europe/Helsinki'] [timed(sb),16502] DEBUG: at state.cpp:161 in virtual void abstract_gate_state_t::open()
[7204.898 (CEST,GMT+2) 2012-07-24 13:39:00.710 'Europe/Helsinki'] [timed(sb),16502] DEBUG at state.cpp:164 in virtual void abstract_gate_state_t::open():
[7204.898 (CEST,GMT+2) 2012-07-24 13:39:00.710 'Europe/Helsinki'] [timed(sb),16502] -- events.empty()=1
[7204.898 (CEST,GMT+2) 2012-07-24 13:39:00.710 'Europe/Helsinki'] [timed(sb),16502] DEBUG: at state.cpp:167 in virtual void abstract_gate_state_t::open()
[7204.898 (CEST,GMT+2) 2012-07-24 13:39:00.710 'Europe/Helsinki'] [timed(sb),16502] INFO at machine.cpp:230 in void machine_t::device_mode_detected(bool):
[7204.898 (CEST,GMT+2) 2012-07-24 13:39:00.710 'Europe/Helsinki'] [timed(sb),16502] -- device_mode_detected: USER
[7204.898 (CEST,GMT+2) 2012-07-24 13:39:00.710 'Europe/Helsinki'] [timed(sb),16502] NOTICE: unfreezing event machine
[7204.898 (CEST,GMT+2) 2012-07-24 13:39:00.710 'Europe/Helsinki'] [timed(sb),16502] DEBUG: at state.cpp:159 in virtual void abstract_gate_state_t::open()
[7204.898 (CEST,GMT+2) 2012-07-24 13:39:00.710 'Europe/Helsinki'] [timed(sb),16502] DEBUG: at state.cpp:161 in virtual void abstract_gate_state_t::open()
[7204.898 (CEST,GMT+2) 2012-07-24 13:39:00.710 'Europe/Helsinki'] [timed(sb),16502] DEBUG at state.cpp:164 in virtual void abstract_gate_state_t::open():
[7204.898 (CEST,GMT+2) 2012-07-24 13:39:00.710 'Europe/Helsinki'] [timed(sb),16502] -- events.empty()=1
[7204.898 (CEST,GMT+2) 2012-07-24 13:39:00.710 'Europe/Helsinki'] [timed(sb),16502] DEBUG: at state.cpp:167 in virtual void abstract_gate_state_t::open()
[7204.898 (CEST,GMT+2) 2012-07-24 13:39:00.710 'Europe/Helsinki'] [timed(sb),16502] DEBUG: at machine.cpp:385 in void machine_t::send_bootup_signal()
[7204.898 (CEST,GMT+2) 2012-07-24 13:39:00.711 'Europe/Helsinki'] [timed(sb),16502] DEBUG at machine.cpp:395 in void machine_t::send_bootup_signal():
[7204.898 (CEST,GMT+2) 2012-07-24 13:39:00.711 'Europe/Helsinki'] [timed(sb),16502] -- signalled_bootup=-1, next_bootup=0
[7204.898 (CEST,GMT+2) 2012-07-24 13:39:00.711 'Europe/Helsinki'] [timed(sb),16502] DEBUG: at machine.cpp:398 in void machine_t::send_bootup_signal()
[7204.898 (CEST,GMT+2) 2012-07-24 13:39:00.711 'Europe/Helsinki'] [timed(sb),16502] DEBUG: at timed.cpp:121 in Timed::Timed(int, char**)
[7204.898 (CEST,GMT+2) 2012-07-24 13:39:00.711 'Europe/Helsinki'] [timed(sb),16502] DEBUG at timed.cpp:519 in void Timed::init_context_objects():
[7204.898 (CEST,GMT+2) 2012-07-24 13:39:00.711 'Europe/Helsinki'] [timed(sb),16502] -- (new ContextProvider::Service(Maemo::Timed::bus()))->setAsDefault()
[7204.899 (CEST,GMT+2) 2012-07-24 13:39:00.712 'Europe/Helsinki'] [timed(sb),16502] DEBUG: at timed.cpp:124 in Timed::Timed(int, char**)
[7204.899 (CEST,GMT+2) 2012-07-24 13:39:00.712 'Europe/Helsinki'] [timed(sb),16502] INFO at timed.cpp:539 in void Timed::init_backup_object():
[7204.899 (CEST,GMT+2) 2012-07-24 13:39:00.712 'Europe/Helsinki'] [timed(sb),16502] -- backup interface object registered on path '/com/nokia/timed/backup'
[7204.899 (CEST,GMT+2) 2012-07-24 13:39:00.712 'Europe/Helsinki'] [timed(sb),16502] DEBUG: at timed.cpp:127 in Timed::Timed(int, char**)
[7204.899 (CEST,GMT+2) 2012-07-24 13:39:00.712 'Europe/Helsinki'] [timed(sb),16502] INFO at timed.cpp:553 in void Timed::init_main_interface_object():
[7204.899 (CEST,GMT+2) 2012-07-24 13:39:00.712 'Europe/Helsinki'] [timed(sb),16502] -- main interface object registered on path '/com/nokia/time'
[7204.899 (CEST,GMT+2) 2012-07-24 13:39:00.712 'Europe/Helsinki'] [timed(sb),16502] DEBUG: at timed.cpp:130 in Timed::Timed(int, char**)
[7204.900 (CEST,GMT+2) 2012-07-24 13:39:00.712 'Europe/Helsinki'] [timed(sb),16502] INFO at timed.cpp:572 in void Timed::init_backup_dbus_name():
[7204.900 (CEST,GMT+2) 2012-07-24 13:39:00.712 'Europe/Helsinki'] [timed(sb),16502] -- service name 'com.nokia.timed.backup' registered on bus 'qt_default_system_bus'
[7204.900 (CEST,GMT+2) 2012-07-24 13:39:00.712 'Europe/Helsinki'] [timed(sb),16502] DEBUG: at timed.cpp:133 in Timed::Timed(int, char**)
[7204.900 (CEST,GMT+2) 2012-07-24 13:39:00.713 'Europe/Helsinki'] [timed(sb),16502] INFO at timed.cpp:589 in void Timed::init_main_interface_dbus_name():
[7204.900 (CEST,GMT+2) 2012-07-24 13:39:00.713 'Europe/Helsinki'] [timed(sb),16502] -- service name 'com.nokia.time' registered on bus 'qt_default_system_bus'
[7204.900 (CEST,GMT+2) 2012-07-24 13:39:00.713 'Europe/Helsinki'] [timed(sb),16502] DEBUG: at timed.cpp:136 in Timed::Timed(int, char**)
[7204.901 (CEST,GMT+2) 2012-07-24 13:39:00.714 'Europe/Helsinki'] [timed(sb),16502] DEBUG: at timed.cpp:139 in Timed::Timed(int, char**)
[7204.901 (CEST,GMT+2) 2012-07-24 13:39:00.714 'Europe/Helsinki'] [timed(sb),16502] WARNING: can't read '/var/cache/timed/aegis/events.data': No such file or directory
[7204.901 (CEST,GMT+2) 2012-07-24 13:39:00.714 'Europe/Helsinki'] [timed(sb),16502] WARNING: can't read '/var/cache/timed/aegis/events.data.bak': No such file or directory
[7204.902 (CEST,GMT+2) 2012-07-24 13:39:00.714 'Europe/Helsinki'] [timed(sb),16502] INFO at storage.cpp:161 in iodata::record* iodata::storage::load():
[7204.902 (CEST,GMT+2) 2012-07-24 13:39:00.714 'Europe/Helsinki'] [timed(sb),16502] -- using default values for data in '/var/cache/timed/aegis/events.data'
[7204.902 (CEST,GMT+2) 2012-07-24 13:39:00.714 'Europe/Helsinki'] [timed(sb),16502] DEBUG: at timed.cpp:142 in Timed::Timed(int, char**)
[7204.902 (CEST,GMT+2) 2012-07-24 13:39:00.714 'Europe/Helsinki'] [timed(sb),16502] NOTICE: opening file '/usr/share/tzdata-timed/country-by-mcc.data', reading record of type 'mcc_to_xy_t'
[7204.903 (CEST,GMT+2) 2012-07-24 13:39:00.715 'Europe/Helsinki'] [timed(sb),16502] DEBUG: at storage.cpp:118 in iodata::record* iodata::storage::load()
[7204.903 (CEST,GMT+2) 2012-07-24 13:39:00.715 'Europe/Helsinki'] [timed(sb),16502] DEBUG: at storage.cpp:120 in iodata::record* iodata::storage::load()
[7204.903 (CEST,GMT+2) 2012-07-24 13:39:00.715 'Europe/Helsinki'] [timed(sb),16502] INFO at storage.cpp:133 in iodata::record* iodata::storage::load():
[7204.903 (CEST,GMT+2) 2012-07-24 13:39:00.715 'Europe/Helsinki'] [timed(sb),16502] -- read data from '/usr/share/tzdata-timed/country-by-mcc.data'
[7204.903 (CEST,GMT+2) 2012-07-24 13:39:00.715 'Europe/Helsinki'] [timed(sb),16502] NOTICE: opening file '/usr/share/tzdata-timed/single.data', reading record of type 'tz_single_t'
[7204.904 (CEST,GMT+2) 2012-07-24 13:39:00.717 'Europe/Helsinki'] [timed(sb),16502] DEBUG: at storage.cpp:118 in iodata::record* iodata::storage::load()
[7204.905 (CEST,GMT+2) 2012-07-24 13:39:00.717 'Europe/Helsinki'] [timed(sb),16502] DEBUG: at storage.cpp:120 in iodata::record* iodata::storage::load()
[7204.905 (CEST,GMT+2) 2012-07-24 13:39:00.717 'Europe/Helsinki'] [timed(sb),16502] INFO at storage.cpp:133 in iodata::record* iodata::storage::load():
[7204.905 (CEST,GMT+2) 2012-07-24 13:39:00.717 'Europe/Helsinki'] [timed(sb),16502] -- read data from '/usr/share/tzdata-timed/single.data'
[7204.905 (CEST,GMT+2) 2012-07-24 13:39:00.717 'Europe/Helsinki'] [timed(sb),16502] NOTICE: opening file '/usr/share/tzdata-timed/zones-by-country.data', reading record of type 'zones_by_country_t'
[7204.905 (CEST,GMT+2) 2012-07-24 13:39:00.717 'Europe/Helsinki'] [timed(sb),16502] DEBUG: at storage.cpp:118 in iodata::record* iodata::storage::load()
[7204.905 (CEST,GMT+2) 2012-07-24 13:39:00.717 'Europe/Helsinki'] [timed(sb),16502] DEBUG: at storage.cpp:120 in iodata::record* iodata::storage::load()
[7204.905 (CEST,GMT+2) 2012-07-24 13:39:00.717 'Europe/Helsinki'] [timed(sb),16502] INFO at storage.cpp:133 in iodata::record* iodata::storage::load():
[7204.905 (CEST,GMT+2) 2012-07-24 13:39:00.717 'Europe/Helsinki'] [timed(sb),16502] -- read data from '/usr/share/tzdata-timed/zones-by-country.data'
[7204.909 (CEST,GMT+2) 2012-07-24 13:39:00.721 'Europe/Helsinki'] [timed(sb),16502] INFO at csd.cpp:48 in csd_t::csd_t(Timed*):
[7204.909 (CEST,GMT+2) 2012-07-24 13:39:00.721 'Europe/Helsinki'] [timed(sb),16502] -- succesfully connected to csd time signals
[7204.909 (CEST,GMT+2) 2012-07-24 13:39:00.721 'Europe/Helsinki'] [timed(sb),16502] INFO at csd.cpp:56 in csd_t::csd_t(Timed*):
[7204.909 (CEST,GMT+2) 2012-07-24 13:39:00.721 'Europe/Helsinki'] [timed(sb),16502] -- succesfully connected to csd network operator signal
[7204.909 (CEST,GMT+2) 2012-07-24 13:39:00.722 'Europe/Helsinki'] [timed(sb),16502] DEBUG: at timed.cpp:145 in Timed::Timed(int, char**)
[7204.918 (CEST,GMT+2) 2012-07-24 13:39:00.730 'Europe/Helsinki'] [timed(sb),16502] DEBUG: at timed.cpp:148 in Timed::Timed(int, char**)
[7204.918 (CEST,GMT+2) 2012-07-24 13:39:00.730 'Europe/Helsinki'] [timed(sb),16502] DEBUG: at timed.cpp:689 in void Timed::init_dst_checker()
[7204.918 (CEST,GMT+2) 2012-07-24 13:39:00.730 'Europe/Helsinki'] [timed(sb),16502] DEBUG at timed.cpp:152 in Timed::Timed(int, char**):
[7204.918 (CEST,GMT+2) 2012-07-24 13:39:00.730 'Europe/Helsinki'] [timed(sb),16502] -- starting event mahine
[7204.918 (CEST,GMT+2) 2012-07-24 13:39:00.730 'Europe/Helsinki'] [timed(sb),16502] CRITICAL ERROR: can't fix the primary settings file
[7204.918 (CEST,GMT+2) 2012-07-24 13:39:00.730 'Europe/Helsinki'] [timed(sb),16502] CRITICAL ERROR: can't fix the primary event queue file
[7204.918 (CEST,GMT+2) 2012-07-24 13:39:00.730 'Europe/Helsinki'] [timed(sb),16502] DEBUG: at machine.cpp:327 in void machine_t::update_rtc_alarm()
[7204.918 (CEST,GMT+2) 2012-07-24 13:39:00.730 'Europe/Helsinki'] [timed(sb),16502] DEBUG at machine.cpp:351 in void machine_t::update_rtc_alarm():
[7204.918 (CEST,GMT+2) 2012-07-24 13:39:00.730 'Europe/Helsinki'] [timed(sb),16502] -- rtc.enabled=0
[7204.918 (CEST,GMT+2) 2012-07-24 13:39:00.731 'Europe/Helsinki'] [timed(sb),16502] ERROR: Can't open real time clock: Permission denied
[7204.918 (CEST,GMT+2) 2012-07-24 13:39:00.731 'Europe/Helsinki'] [timed(sb),16502] DEBUG: at machine.cpp:385 in void machine_t::send_bootup_signal()
[7204.918 (CEST,GMT+2) 2012-07-24 13:39:00.731 'Europe/Helsinki'] [timed(sb),16502] DEBUG at machine.cpp:395 in void machine_t::send_bootup_signal():
[7204.918 (CEST,GMT+2) 2012-07-24 13:39:00.731 'Europe/Helsinki'] [timed(sb),16502] -- signalled_bootup=0, next_bootup=0
[7204.918 (CEST,GMT+2) 2012-07-24 13:39:00.731 'Europe/Helsinki'] [timed(sb),16502] DEBUG: at machine.cpp:398 in void machine_t::send_bootup_signal()
[7204.919 (CEST,GMT+2) 2012-07-24 13:39:00.731 'Europe/Helsinki'] [timed(sb),16502] DEBUG at state.cpp:328 in void state_queued_t::engine_pause(int):
[7204.919 (CEST,GMT+2) 2012-07-24 13:39:00.731 'Europe/Helsinki'] [timed(sb),16502] -- dx=-1, current pause value: '1', new value will be 0
[7204.919 (CEST,GMT+2) 2012-07-24 13:39:00.731 'Europe/Helsinki'] [timed(sb),16502] NOTICE: go to sleep, no alarm queued
[7204.919 (CEST,GMT+2) 2012-07-24 13:39:00.731 'Europe/Helsinki'] [timed(sb),16502] DEBUG: at machine.cpp:327 in void machine_t::update_rtc_alarm()
[7204.919 (CEST,GMT+2) 2012-07-24 13:39:00.731 'Europe/Helsinki'] [timed(sb),16502] DEBUG at machine.cpp:351 in void machine_t::update_rtc_alarm():
[7204.919 (CEST,GMT+2) 2012-07-24 13:39:00.731 'Europe/Helsinki'] [timed(sb),16502] -- rtc.enabled=0
[7204.919 (CEST,GMT+2) 2012-07-24 13:39:00.731 'Europe/Helsinki'] [timed(sb),16502] ERROR: Can't open real time clock: Permission denied
[7204.919 (CEST,GMT+2) 2012-07-24 13:39:00.731 'Europe/Helsinki'] [timed(sb),16502] DEBUG: at machine.cpp:385 in void machine_t::send_bootup_signal()
[7204.919 (CEST,GMT+2) 2012-07-24 13:39:00.731 'Europe/Helsinki'] [timed(sb),16502] DEBUG at machine.cpp:395 in void machine_t::send_bootup_signal():
[7204.919 (CEST,GMT+2) 2012-07-24 13:39:00.731 'Europe/Helsinki'] [timed(sb),16502] -- signalled_bootup=0, next_bootup=0
[7204.919 (CEST,GMT+2) 2012-07-24 13:39:00.731 'Europe/Helsinki'] [timed(sb),16502] DEBUG: at machine.cpp:398 in void machine_t::send_bootup_signal()
[7204.919 (CEST,GMT+2) 2012-07-24 13:39:00.731 'Europe/Helsinki'] [timed(sb),16502] DEBUG: at timed.cpp:155 in Timed::Timed(int, char**)
[7204.919 (CEST,GMT+2) 2012-07-24 13:39:00.731 'Europe/Helsinki'] [timed(sb),16502] DEBUG at timed.cpp:157 in Timed::Timed(int, char**):
[7204.919 (CEST,GMT+2) 2012-07-24 13:39:00.731 'Europe/Helsinki'] [timed(sb),16502] -- applying time zone settings
[7204.919 (CEST,GMT+2) 2012-07-24 13:39:00.731 'Europe/Helsinki'] [timed(sb),16502] DEBUG: at settings.cpp:416 in void source_settings::postload_fix_manual_zone()
[7204.919 (CEST,GMT+2) 2012-07-24 13:39:00.732 'Europe/Helsinki'] [timed(sb),16502] DEBUG: at settings.cpp:431 in void source_settings::postload_fix_manual_zone()
[7204.919 (CEST,GMT+2) 2012-07-24 13:39:00.732 'Europe/Helsinki'] [timed(sb),16502] DEBUG: at timed.cpp:160 in Timed::Timed(int, char**)
[7204.919 (CEST,GMT+2) 2012-07-24 13:39:00.732 'Europe/Helsinki'] [timed(sb),16502] DEBUG: at notification.cpp:37 in void kernel_notification_t::start()
[7204.919 (CEST,GMT+2) 2012-07-24 13:39:00.732 'Europe/Helsinki'] [timed(sb),16502] NOTICE: started kernel system time change notification watcher (time_at_zero=1343122735.812293635)
[7204.919 (CEST,GMT+2) 2012-07-24 13:39:00.732 'Europe/Helsinki'] [timed(sb),16502] INFO at timed.cpp:164 in Timed::Timed(int, char**):
[7204.919 (CEST,GMT+2) 2012-07-24 13:39:00.732 'Europe/Helsinki'] [timed(sb),16502] -- daemon is up and running
[7204.920 (CEST,GMT+2) 2012-07-24 13:39:00.732 'Europe/Helsinki'] [timed(sb),16502] NOTICE: CSD::csd_operator_q {mcc='', mnc=''}
[7204.920 (CEST,GMT+2) 2012-07-24 13:39:00.732 'Europe/Helsinki'] [timed(sb),16502] DEBUG at tz.cpp:528 in void tz_oracle_t::cellular_operator(const cellular_operator_t&):
[7204.920 (CEST,GMT+2) 2012-07-24 13:39:00.732 'Europe/Helsinki'] [timed(sb),16502] -- o={mcc='', mnc=''}, empty=1, same=1, same_country=0
[7204.920 (CEST,GMT+2) 2012-07-24 13:39:00.732 'Europe/Helsinki'] [timed(sb),16502] DEBUG at tz.cpp:531 in void tz_oracle_t::cellular_operator(const cellular_operator_t&):
[7204.920 (CEST,GMT+2) 2012-07-24 13:39:00.732 'Europe/Helsinki'] [timed(sb),16502] -- empty operator
[7204.920 (CEST,GMT+2) 2012-07-24 13:39:00.732 'Europe/Helsinki'] [timed(sb),16502] DEBUG: at state.cpp:175 in virtual void abstract_concentrating_state_t::open()
[7204.920 (CEST,GMT+2) 2012-07-24 13:39:00.732 'Europe/Helsinki'] [timed(sb),16502] DEBUG: at state.cpp:180 in virtual void abstract_concentrating_state_t::open()
[7204.920 (CEST,GMT+2) 2012-07-24 13:39:00.732 'Europe/Helsinki'] [timed(sb),16502] NOTICE: CSD::csd_time_q {invalid}
[7204.920 (CEST,GMT+2) 2012-07-24 13:39:00.732 'Europe/Helsinki'] [timed(sb),16502] NOTICE: empty time info, ignoring it
[7206.467 (CEST,GMT+2) 2012-07-24 13:39:02.279 'Europe/Helsinki'] [timed(sb),16502] NOTICE: DBUS::com.nokia.time.get_wall_clock_info() by PEER:::1.19 
[7206.467 (CEST,GMT+2) 2012-07-24 13:39:02.279 'Europe/Helsinki'] [timed(sb),16502] DEBUG at settings.cpp:242 in Maemo::Timed::WallClock::wall_info_pimple_t* source_settings::get_wall_clock_info(const nanotime_t&) const:
[7206.467 (CEST,GMT+2) 2012-07-24 13:39:02.279 'Europe/Helsinki'] [timed(sb),16502] -- back=N/A
[7206.471 (CEST,GMT+2) 2012-07-24 13:39:02.283 'Europe/Helsinki'] [timed(sb),16502] NOTICE: PEER:::1.19 pid=16521, cmdline='/usr/bin/sysuid -software', creds={uid='Tomek', gid='Tomek', tokens=[GRP::1002, GRP::Tomek]}
[7206.585 (CEST,GMT+2) 2012-07-24 13:39:02.397 'Europe/Helsinki'] [timed(sb),16502] NOTICE: DBUS::com.nokia.time.get_wall_clock_info() by PEER:::1.26 
[7206.585 (CEST,GMT+2) 2012-07-24 13:39:02.398 'Europe/Helsinki'] [timed(sb),16502] DEBUG at settings.cpp:242 in Maemo::Timed::WallClock::wall_info_pimple_t* source_settings::get_wall_clock_info(const nanotime_t&) const:
[7206.585 (CEST,GMT+2) 2012-07-24 13:39:02.398 'Europe/Helsinki'] [timed(sb),16502] -- back=N/A
[7206.586 (CEST,GMT+2) 2012-07-24 13:39:02.398 'Europe/Helsinki'] [timed(sb),16502] NOTICE: PEER:::1.26 pid=16562, cmdline='/usr/bin/meegotouchhome -software -o', creds={uid='Tomek', gid='Tomek', tokens=[GRP::1002, GRP::Tomek]}
